Copyright 1986-2019 Xilinx, Inc. All Rights Reserved.
----------------------------------------------------------------------------------------------------------------------------------------------------------------------------------------------------------------
| Tool Version      : Vivado v.2019.1 (lin64) Build 2552052 Fri May 24 14:47:09 MDT 2019
| Date              : Mon Sep 28 20:37:50 2020
| Host              : udrc-Alienware-m15 running 64-bit Ubuntu 18.04.5 LTS
| Command           : report_timing_summary -max_paths 10 -file bd_0_wrapper_timing_summary_routed.rpt -pb bd_0_wrapper_timing_summary_routed.pb -rpx bd_0_wrapper_timing_summary_routed.rpx -warn_on_violation
| Design            : bd_0_wrapper
| Device            : xczu7ev-ffvc1156
| Speed File        : -2  PRODUCTION 1.25 05-09-2019
| Temperature Grade : E
----------------------------------------------------------------------------------------------------------------------------------------------------------------------------------------------------------------

Timing Summary Report

------------------------------------------------------------------------------------------------
| Timer Settings
| --------------
------------------------------------------------------------------------------------------------

  Enable Multi Corner Analysis               :  Yes
  Enable Pessimism Removal                   :  Yes
  Pessimism Removal Resolution               :  Nearest Common Node
  Enable Input Delay Default Clock           :  No
  Enable Preset / Clear Arcs                 :  No
  Disable Flight Delays                      :  No
  Ignore I/O Paths                           :  No
  Timing Early Launch at Borrowing Latches   :  No
  Borrow Time for Max Delay Exceptions       :  Yes

  Corner  Analyze    Analyze    
  Name    Max Paths  Min Paths  
  ------  ---------  ---------  
  Slow    Yes        Yes        
  Fast    Yes        Yes        



check_timing report

Table of Contents
-----------------
1. checking no_clock
2. checking constant_clock
3. checking pulse_width_clock
4. checking unconstrained_internal_endpoints
5. checking no_input_delay
6. checking no_output_delay
7. checking multiple_clock
8. checking generated_clocks
9. checking loops
10. checking partial_input_delay
11. checking partial_output_delay
12. checking latch_loops

1. checking no_clock
--------------------
 There are 0 register/latch pins with no clock.


2. checking constant_clock
--------------------------
 There are 0 register/latch pins with constant_clock.


3. checking pulse_width_clock
-----------------------------
 There are 0 register/latch pins which need pulse_width check


4. checking unconstrained_internal_endpoints
--------------------------------------------
 There are 0 pins that are not constrained for maximum delay.

 There are 0 pins that are not constrained for maximum delay due to constant clock.


5. checking no_input_delay
--------------------------
 There are 69 input ports with no input delay specified. (HIGH)

 There are 0 input ports with no input delay but user has a false path constraint.


6. checking no_output_delay
---------------------------
 There are 38 ports with no output delay specified. (HIGH)

 There are 0 ports with no output delay but user has a false path constraint

 There are 0 ports with no output delay but with a timing clock defined on it or propagating through it


7. checking multiple_clock
--------------------------
 There are 0 register/latch pins with multiple clocks.


8. checking generated_clocks
----------------------------
 There are 0 generated clocks that are not connected to a clock source.


9. checking loops
-----------------
 There are 0 combinational loops in the design.


10. checking partial_input_delay
--------------------------------
 There are 0 input ports with partial input delay specified.


11. checking partial_output_delay
---------------------------------
 There are 0 ports with partial output delay specified.


12. checking latch_loops
------------------------
 There are 0 combinational latch loops in the design through latch input



------------------------------------------------------------------------------------------------
| Design Timing Summary
| ---------------------
------------------------------------------------------------------------------------------------

    WNS(ns)      TNS(ns)  TNS Failing Endpoints  TNS Total Endpoints      WHS(ns)      THS(ns)  THS Failing Endpoints  THS Total Endpoints     WPWS(ns)     TPWS(ns)  TPWS Failing Endpoints  TPWS Total Endpoints  
    -------      -------  ---------------------  -------------------      -------      -------  ---------------------  -------------------     --------     --------  ----------------------  --------------------  
      1.266        0.000                      0                  310        0.046        0.000                      0                  310        1.225        0.000                       0                   225  


All user specified timing constraints are met.


------------------------------------------------------------------------------------------------
| Clock Summary
| -------------
------------------------------------------------------------------------------------------------

Clock   Waveform(ns)         Period(ns)      Frequency(MHz)
-----   ------------         ----------      --------------
ap_clk  {0.000 1.500}        3.000           333.333         


------------------------------------------------------------------------------------------------
| Intra Clock Table
| -----------------
------------------------------------------------------------------------------------------------

Clock             WNS(ns)      TNS(ns)  TNS Failing Endpoints  TNS Total Endpoints      WHS(ns)      THS(ns)  THS Failing Endpoints  THS Total Endpoints     WPWS(ns)     TPWS(ns)  TPWS Failing Endpoints  TPWS Total Endpoints  
-----             -------      -------  ---------------------  -------------------      -------      -------  ---------------------  -------------------     --------     --------  ----------------------  --------------------  
ap_clk              1.266        0.000                      0                  310        0.046        0.000                      0                  310        1.225        0.000                       0                   225  


------------------------------------------------------------------------------------------------
| Inter Clock Table
| -----------------
------------------------------------------------------------------------------------------------

From Clock    To Clock          WNS(ns)      TNS(ns)  TNS Failing Endpoints  TNS Total Endpoints      WHS(ns)      THS(ns)  THS Failing Endpoints  THS Total Endpoints  
----------    --------          -------      -------  ---------------------  -------------------      -------      -------  ---------------------  -------------------  


------------------------------------------------------------------------------------------------
| Other Path Groups Table
| -----------------------
------------------------------------------------------------------------------------------------

Path Group    From Clock    To Clock          WNS(ns)      TNS(ns)  TNS Failing Endpoints  TNS Total Endpoints      WHS(ns)      THS(ns)  THS Failing Endpoints  THS Total Endpoints  
----------    ----------    --------          -------      -------  ---------------------  -------------------      -------      -------  ---------------------  -------------------  


------------------------------------------------------------------------------------------------
| Timing Details
| --------------
------------------------------------------------------------------------------------------------


---------------------------------------------------------------------------------------------------
From Clock:  ap_clk
  To Clock:  ap_clk

Setup :            0  Failing Endpoints,  Worst Slack        1.266ns,  Total Violation        0.000ns
Hold  :            0  Failing Endpoints,  Worst Slack        0.046ns,  Total Violation        0.000ns
PW    :            0  Failing Endpoints,  Worst Slack        1.225ns,  Total Violation        0.000ns
---------------------------------------------------------------------------------------------------


Max Delay Paths
--------------------------------------------------------------------------------------
Slack (MET) :             1.266ns  (required time - arrival time)
  Source:                 bd_0_i/hls_inst/U0/a_0_payload_A_reg[29]/C
                            (rising edge-triggered cell FDRE clocked by ap_clk  {rise@0.000ns fall@1.500ns period=3.000ns})
  Destination:            bd_0_i/hls_inst/U0/c_1_payload_A_reg[31]/D
                            (rising edge-triggered cell FDRE clocked by ap_clk  {rise@0.000ns fall@1.500ns period=3.000ns})
  Path Group:             ap_clk
  Path Type:              Setup (Max at Slow Process Corner)
  Requirement:            3.000ns  (ap_clk rise@3.000ns - ap_clk rise@0.000ns)
  Data Path Delay:        1.716ns  (logic 0.309ns (18.007%)  route 1.407ns (81.993%))
  Logic Levels:           2  (CARRY8=1 LUT6=1)
  Clock Path Skew:        -0.008ns (DCD - SCD + CPR)
    Destination Clock Delay (DCD):    0.020ns = ( 3.020 - 3.000 ) 
    Source Clock Delay      (SCD):    0.028ns
    Clock Pessimism Removal (CPR):    0.000ns
  Clock Uncertainty:      0.035ns  ((TSJ^2 + TIJ^2)^1/2 + DJ) / 2 + PE
    Total System Jitter     (TSJ):    0.071ns
    Total Input Jitter      (TIJ):    0.000ns
    Discrete Jitter          (DJ):    0.000ns
    Phase Error              (PE):    0.000ns

    Location             Delay type                Incr(ns)  Path(ns)    Netlist Resource(s)
  -------------------------------------------------------------------    -------------------
                         (clock ap_clk rise edge)     0.000     0.000 r  
                                                      0.000     0.000 r  ap_clk (IN)
                         net (fo=224, unset)          0.028     0.028    bd_0_i/hls_inst/U0/ap_clk
    SLICE_X59Y116        FDRE                                         r  bd_0_i/hls_inst/U0/a_0_payload_A_reg[29]/C
  -------------------------------------------------------------------    -------------------
    SLICE_X59Y116        FDRE (Prop_DFF_SLICEL_C_Q)
                                                      0.079     0.107 r  bd_0_i/hls_inst/U0/a_0_payload_A_reg[29]/Q
                         net (fo=2, routed)           1.370     1.477    bd_0_i/hls_inst/U0/a_0_payload_A[29]
    SLICE_X59Y115        LUT6 (Prop_F6LUT_SLICEL_I1_O)
                                                      0.089     1.566 r  bd_0_i/hls_inst/U0/c_1_payload_A[31]_i_12/O
                         net (fo=1, routed)           0.011     1.577    bd_0_i/hls_inst/U0/c_1_payload_A[31]_i_12_n_1
    SLICE_X59Y115        CARRY8 (Prop_CARRY8_SLICEL_S[5]_O[7])
                                                      0.141     1.718 r  bd_0_i/hls_inst/U0/c_1_payload_A_reg[31]_i_2/O[7]
                         net (fo=2, routed)           0.026     1.744    bd_0_i/hls_inst/U0/add_ln12_fu_90_p2[31]
    SLICE_X59Y115        FDRE                                         r  bd_0_i/hls_inst/U0/c_1_payload_A_reg[31]/D
  -------------------------------------------------------------------    -------------------

                         (clock ap_clk rise edge)     3.000     3.000 r  
                                                      0.000     3.000 r  ap_clk (IN)
                         net (fo=224, unset)          0.020     3.020    bd_0_i/hls_inst/U0/ap_clk
    SLICE_X59Y115        FDRE                                         r  bd_0_i/hls_inst/U0/c_1_payload_A_reg[31]/C
                         clock pessimism              0.000     3.020    
                         clock uncertainty           -0.035     2.985    
    SLICE_X59Y115        FDRE (Setup_HFF_SLICEL_C_D)
                                                      0.025     3.010    bd_0_i/hls_inst/U0/c_1_payload_A_reg[31]
  -------------------------------------------------------------------
                         required time                          3.010    
                         arrival time                          -1.744    
  -------------------------------------------------------------------
                         slack                                  1.266    

Slack (MET) :             1.267ns  (required time - arrival time)
  Source:                 bd_0_i/hls_inst/U0/a_0_payload_A_reg[29]/C
                            (rising edge-triggered cell FDRE clocked by ap_clk  {rise@0.000ns fall@1.500ns period=3.000ns})
  Destination:            bd_0_i/hls_inst/U0/c_1_payload_B_reg[31]/D
                            (rising edge-triggered cell FDRE clocked by ap_clk  {rise@0.000ns fall@1.500ns period=3.000ns})
  Path Group:             ap_clk
  Path Type:              Setup (Max at Slow Process Corner)
  Requirement:            3.000ns  (ap_clk rise@3.000ns - ap_clk rise@0.000ns)
  Data Path Delay:        1.715ns  (logic 0.309ns (18.017%)  route 1.406ns (81.983%))
  Logic Levels:           2  (CARRY8=1 LUT6=1)
  Clock Path Skew:        -0.008ns (DCD - SCD + CPR)
    Destination Clock Delay (DCD):    0.020ns = ( 3.020 - 3.000 ) 
    Source Clock Delay      (SCD):    0.028ns
    Clock Pessimism Removal (CPR):    0.000ns
  Clock Uncertainty:      0.035ns  ((TSJ^2 + TIJ^2)^1/2 + DJ) / 2 + PE
    Total System Jitter     (TSJ):    0.071ns
    Total Input Jitter      (TIJ):    0.000ns
    Discrete Jitter          (DJ):    0.000ns
    Phase Error              (PE):    0.000ns

    Location             Delay type                Incr(ns)  Path(ns)    Netlist Resource(s)
  -------------------------------------------------------------------    -------------------
                         (clock ap_clk rise edge)     0.000     0.000 r  
                                                      0.000     0.000 r  ap_clk (IN)
                         net (fo=224, unset)          0.028     0.028    bd_0_i/hls_inst/U0/ap_clk
    SLICE_X59Y116        FDRE                                         r  bd_0_i/hls_inst/U0/a_0_payload_A_reg[29]/C
  -------------------------------------------------------------------    -------------------
    SLICE_X59Y116        FDRE (Prop_DFF_SLICEL_C_Q)
                                                      0.079     0.107 r  bd_0_i/hls_inst/U0/a_0_payload_A_reg[29]/Q
                         net (fo=2, routed)           1.370     1.477    bd_0_i/hls_inst/U0/a_0_payload_A[29]
    SLICE_X59Y115        LUT6 (Prop_F6LUT_SLICEL_I1_O)
                                                      0.089     1.566 r  bd_0_i/hls_inst/U0/c_1_payload_A[31]_i_12/O
                         net (fo=1, routed)           0.011     1.577    bd_0_i/hls_inst/U0/c_1_payload_A[31]_i_12_n_1
    SLICE_X59Y115        CARRY8 (Prop_CARRY8_SLICEL_S[5]_O[7])
                                                      0.141     1.718 r  bd_0_i/hls_inst/U0/c_1_payload_A_reg[31]_i_2/O[7]
                         net (fo=2, routed)           0.025     1.743    bd_0_i/hls_inst/U0/add_ln12_fu_90_p2[31]
    SLICE_X59Y115        FDRE                                         r  bd_0_i/hls_inst/U0/c_1_payload_B_reg[31]/D
  -------------------------------------------------------------------    -------------------

                         (clock ap_clk rise edge)     3.000     3.000 r  
                                                      0.000     3.000 r  ap_clk (IN)
                         net (fo=224, unset)          0.020     3.020    bd_0_i/hls_inst/U0/ap_clk
    SLICE_X59Y115        FDRE                                         r  bd_0_i/hls_inst/U0/c_1_payload_B_reg[31]/C
                         clock pessimism              0.000     3.020    
                         clock uncertainty           -0.035     2.985    
    SLICE_X59Y115        FDRE (Setup_HFF2_SLICEL_C_D)
                                                      0.025     3.010    bd_0_i/hls_inst/U0/c_1_payload_B_reg[31]
  -------------------------------------------------------------------
                         required time                          3.010    
                         arrival time                          -1.743    
  -------------------------------------------------------------------
                         slack                                  1.267    

Slack (MET) :             1.273ns  (required time - arrival time)
  Source:                 bd_0_i/hls_inst/U0/a_0_payload_A_reg[29]/C
                            (rising edge-triggered cell FDRE clocked by ap_clk  {rise@0.000ns fall@1.500ns period=3.000ns})
  Destination:            bd_0_i/hls_inst/U0/c_1_payload_A_reg[30]/D
                            (rising edge-triggered cell FDRE clocked by ap_clk  {rise@0.000ns fall@1.500ns period=3.000ns})
  Path Group:             ap_clk
  Path Type:              Setup (Max at Slow Process Corner)
  Requirement:            3.000ns  (ap_clk rise@3.000ns - ap_clk rise@0.000ns)
  Data Path Delay:        1.709ns  (logic 0.302ns (17.671%)  route 1.407ns (82.329%))
  Logic Levels:           2  (CARRY8=1 LUT6=1)
  Clock Path Skew:        -0.008ns (DCD - SCD + CPR)
    Destination Clock Delay (DCD):    0.020ns = ( 3.020 - 3.000 ) 
    Source Clock Delay      (SCD):    0.028ns
    Clock Pessimism Removal (CPR):    0.000ns
  Clock Uncertainty:      0.035ns  ((TSJ^2 + TIJ^2)^1/2 + DJ) / 2 + PE
    Total System Jitter     (TSJ):    0.071ns
    Total Input Jitter      (TIJ):    0.000ns
    Discrete Jitter          (DJ):    0.000ns
    Phase Error              (PE):    0.000ns

    Location             Delay type                Incr(ns)  Path(ns)    Netlist Resource(s)
  -------------------------------------------------------------------    -------------------
                         (clock ap_clk rise edge)     0.000     0.000 r  
                                                      0.000     0.000 r  ap_clk (IN)
                         net (fo=224, unset)          0.028     0.028    bd_0_i/hls_inst/U0/ap_clk
    SLICE_X59Y116        FDRE                                         r  bd_0_i/hls_inst/U0/a_0_payload_A_reg[29]/C
  -------------------------------------------------------------------    -------------------
    SLICE_X59Y116        FDRE (Prop_DFF_SLICEL_C_Q)
                                                      0.079     0.107 r  bd_0_i/hls_inst/U0/a_0_payload_A_reg[29]/Q
                         net (fo=2, routed)           1.370     1.477    bd_0_i/hls_inst/U0/a_0_payload_A[29]
    SLICE_X59Y115        LUT6 (Prop_F6LUT_SLICEL_I1_O)
                                                      0.089     1.566 r  bd_0_i/hls_inst/U0/c_1_payload_A[31]_i_12/O
                         net (fo=1, routed)           0.011     1.577    bd_0_i/hls_inst/U0/c_1_payload_A[31]_i_12_n_1
    SLICE_X59Y115        CARRY8 (Prop_CARRY8_SLICEL_S[5]_O[6])
                                                      0.134     1.711 r  bd_0_i/hls_inst/U0/c_1_payload_A_reg[31]_i_2/O[6]
                         net (fo=2, routed)           0.026     1.737    bd_0_i/hls_inst/U0/add_ln12_fu_90_p2[30]
    SLICE_X59Y115        FDRE                                         r  bd_0_i/hls_inst/U0/c_1_payload_A_reg[30]/D
  -------------------------------------------------------------------    -------------------

                         (clock ap_clk rise edge)     3.000     3.000 r  
                                                      0.000     3.000 r  ap_clk (IN)
                         net (fo=224, unset)          0.020     3.020    bd_0_i/hls_inst/U0/ap_clk
    SLICE_X59Y115        FDRE                                         r  bd_0_i/hls_inst/U0/c_1_payload_A_reg[30]/C
                         clock pessimism              0.000     3.020    
                         clock uncertainty           -0.035     2.985    
    SLICE_X59Y115        FDRE (Setup_GFF_SLICEL_C_D)
                                                      0.025     3.010    bd_0_i/hls_inst/U0/c_1_payload_A_reg[30]
  -------------------------------------------------------------------
                         required time                          3.010    
                         arrival time                          -1.737    
  -------------------------------------------------------------------
                         slack                                  1.273    

Slack (MET) :             1.274ns  (required time - arrival time)
  Source:                 bd_0_i/hls_inst/U0/a_0_payload_A_reg[29]/C
                            (rising edge-triggered cell FDRE clocked by ap_clk  {rise@0.000ns fall@1.500ns period=3.000ns})
  Destination:            bd_0_i/hls_inst/U0/c_1_payload_B_reg[30]/D
                            (rising edge-triggered cell FDRE clocked by ap_clk  {rise@0.000ns fall@1.500ns period=3.000ns})
  Path Group:             ap_clk
  Path Type:              Setup (Max at Slow Process Corner)
  Requirement:            3.000ns  (ap_clk rise@3.000ns - ap_clk rise@0.000ns)
  Data Path Delay:        1.708ns  (logic 0.302ns (17.681%)  route 1.406ns (82.319%))
  Logic Levels:           2  (CARRY8=1 LUT6=1)
  Clock Path Skew:        -0.008ns (DCD - SCD + CPR)
    Destination Clock Delay (DCD):    0.020ns = ( 3.020 - 3.000 ) 
    Source Clock Delay      (SCD):    0.028ns
    Clock Pessimism Removal (CPR):    0.000ns
  Clock Uncertainty:      0.035ns  ((TSJ^2 + TIJ^2)^1/2 + DJ) / 2 + PE
    Total System Jitter     (TSJ):    0.071ns
    Total Input Jitter      (TIJ):    0.000ns
    Discrete Jitter          (DJ):    0.000ns
    Phase Error              (PE):    0.000ns

    Location             Delay type                Incr(ns)  Path(ns)    Netlist Resource(s)
  -------------------------------------------------------------------    -------------------
                         (clock ap_clk rise edge)     0.000     0.000 r  
                                                      0.000     0.000 r  ap_clk (IN)
                         net (fo=224, unset)          0.028     0.028    bd_0_i/hls_inst/U0/ap_clk
    SLICE_X59Y116        FDRE                                         r  bd_0_i/hls_inst/U0/a_0_payload_A_reg[29]/C
  -------------------------------------------------------------------    -------------------
    SLICE_X59Y116        FDRE (Prop_DFF_SLICEL_C_Q)
                                                      0.079     0.107 r  bd_0_i/hls_inst/U0/a_0_payload_A_reg[29]/Q
                         net (fo=2, routed)           1.370     1.477    bd_0_i/hls_inst/U0/a_0_payload_A[29]
    SLICE_X59Y115        LUT6 (Prop_F6LUT_SLICEL_I1_O)
                                                      0.089     1.566 r  bd_0_i/hls_inst/U0/c_1_payload_A[31]_i_12/O
                         net (fo=1, routed)           0.011     1.577    bd_0_i/hls_inst/U0/c_1_payload_A[31]_i_12_n_1
    SLICE_X59Y115        CARRY8 (Prop_CARRY8_SLICEL_S[5]_O[6])
                                                      0.134     1.711 r  bd_0_i/hls_inst/U0/c_1_payload_A_reg[31]_i_2/O[6]
                         net (fo=2, routed)           0.025     1.736    bd_0_i/hls_inst/U0/add_ln12_fu_90_p2[30]
    SLICE_X59Y115        FDRE                                         r  bd_0_i/hls_inst/U0/c_1_payload_B_reg[30]/D
  -------------------------------------------------------------------    -------------------

                         (clock ap_clk rise edge)     3.000     3.000 r  
                                                      0.000     3.000 r  ap_clk (IN)
                         net (fo=224, unset)          0.020     3.020    bd_0_i/hls_inst/U0/ap_clk
    SLICE_X59Y115        FDRE                                         r  bd_0_i/hls_inst/U0/c_1_payload_B_reg[30]/C
                         clock pessimism              0.000     3.020    
                         clock uncertainty           -0.035     2.985    
    SLICE_X59Y115        FDRE (Setup_GFF2_SLICEL_C_D)
                                                      0.025     3.010    bd_0_i/hls_inst/U0/c_1_payload_B_reg[30]
  -------------------------------------------------------------------
                         required time                          3.010    
                         arrival time                          -1.736    
  -------------------------------------------------------------------
                         slack                                  1.274    

Slack (MET) :             1.347ns  (required time - arrival time)
  Source:                 bd_0_i/hls_inst/U0/a_0_payload_A_reg[29]/C
                            (rising edge-triggered cell FDRE clocked by ap_clk  {rise@0.000ns fall@1.500ns period=3.000ns})
  Destination:            bd_0_i/hls_inst/U0/c_1_payload_A_reg[29]/D
                            (rising edge-triggered cell FDRE clocked by ap_clk  {rise@0.000ns fall@1.500ns period=3.000ns})
  Path Group:             ap_clk
  Path Type:              Setup (Max at Slow Process Corner)
  Requirement:            3.000ns  (ap_clk rise@3.000ns - ap_clk rise@0.000ns)
  Data Path Delay:        1.635ns  (logic 0.229ns (14.006%)  route 1.406ns (85.994%))
  Logic Levels:           2  (CARRY8=1 LUT6=1)
  Clock Path Skew:        -0.008ns (DCD - SCD + CPR)
    Destination Clock Delay (DCD):    0.020ns = ( 3.020 - 3.000 ) 
    Source Clock Delay      (SCD):    0.028ns
    Clock Pessimism Removal (CPR):    0.000ns
  Clock Uncertainty:      0.035ns  ((TSJ^2 + TIJ^2)^1/2 + DJ) / 2 + PE
    Total System Jitter     (TSJ):    0.071ns
    Total Input Jitter      (TIJ):    0.000ns
    Discrete Jitter          (DJ):    0.000ns
    Phase Error              (PE):    0.000ns

    Location             Delay type                Incr(ns)  Path(ns)    Netlist Resource(s)
  -------------------------------------------------------------------    -------------------
                         (clock ap_clk rise edge)     0.000     0.000 r  
                                                      0.000     0.000 r  ap_clk (IN)
                         net (fo=224, unset)          0.028     0.028    bd_0_i/hls_inst/U0/ap_clk
    SLICE_X59Y116        FDRE                                         r  bd_0_i/hls_inst/U0/a_0_payload_A_reg[29]/C
  -------------------------------------------------------------------    -------------------
    SLICE_X59Y116        FDRE (Prop_DFF_SLICEL_C_Q)
                                                      0.079     0.107 r  bd_0_i/hls_inst/U0/a_0_payload_A_reg[29]/Q
                         net (fo=2, routed)           1.370     1.477    bd_0_i/hls_inst/U0/a_0_payload_A[29]
    SLICE_X59Y115        LUT6 (Prop_F6LUT_SLICEL_I1_O)
                                                      0.089     1.566 r  bd_0_i/hls_inst/U0/c_1_payload_A[31]_i_12/O
                         net (fo=1, routed)           0.011     1.577    bd_0_i/hls_inst/U0/c_1_payload_A[31]_i_12_n_1
    SLICE_X59Y115        CARRY8 (Prop_CARRY8_SLICEL_S[5]_O[5])
                                                      0.061     1.638 r  bd_0_i/hls_inst/U0/c_1_payload_A_reg[31]_i_2/O[5]
                         net (fo=2, routed)           0.025     1.663    bd_0_i/hls_inst/U0/add_ln12_fu_90_p2[29]
    SLICE_X59Y115        FDRE                                         r  bd_0_i/hls_inst/U0/c_1_payload_A_reg[29]/D
  -------------------------------------------------------------------    -------------------

                         (clock ap_clk rise edge)     3.000     3.000 r  
                                                      0.000     3.000 r  ap_clk (IN)
                         net (fo=224, unset)          0.020     3.020    bd_0_i/hls_inst/U0/ap_clk
    SLICE_X59Y115        FDRE                                         r  bd_0_i/hls_inst/U0/c_1_payload_A_reg[29]/C
                         clock pessimism              0.000     3.020    
                         clock uncertainty           -0.035     2.985    
    SLICE_X59Y115        FDRE (Setup_FFF_SLICEL_C_D)
                                                      0.025     3.010    bd_0_i/hls_inst/U0/c_1_payload_A_reg[29]
  -------------------------------------------------------------------
                         required time                          3.010    
                         arrival time                          -1.663    
  -------------------------------------------------------------------
                         slack                                  1.347    

Slack (MET) :             1.347ns  (required time - arrival time)
  Source:                 bd_0_i/hls_inst/U0/a_0_payload_A_reg[29]/C
                            (rising edge-triggered cell FDRE clocked by ap_clk  {rise@0.000ns fall@1.500ns period=3.000ns})
  Destination:            bd_0_i/hls_inst/U0/c_1_payload_B_reg[29]/D
                            (rising edge-triggered cell FDRE clocked by ap_clk  {rise@0.000ns fall@1.500ns period=3.000ns})
  Path Group:             ap_clk
  Path Type:              Setup (Max at Slow Process Corner)
  Requirement:            3.000ns  (ap_clk rise@3.000ns - ap_clk rise@0.000ns)
  Data Path Delay:        1.635ns  (logic 0.229ns (14.006%)  route 1.406ns (85.994%))
  Logic Levels:           2  (CARRY8=1 LUT6=1)
  Clock Path Skew:        -0.008ns (DCD - SCD + CPR)
    Destination Clock Delay (DCD):    0.020ns = ( 3.020 - 3.000 ) 
    Source Clock Delay      (SCD):    0.028ns
    Clock Pessimism Removal (CPR):    0.000ns
  Clock Uncertainty:      0.035ns  ((TSJ^2 + TIJ^2)^1/2 + DJ) / 2 + PE
    Total System Jitter     (TSJ):    0.071ns
    Total Input Jitter      (TIJ):    0.000ns
    Discrete Jitter          (DJ):    0.000ns
    Phase Error              (PE):    0.000ns

    Location             Delay type                Incr(ns)  Path(ns)    Netlist Resource(s)
  -------------------------------------------------------------------    -------------------
                         (clock ap_clk rise edge)     0.000     0.000 r  
                                                      0.000     0.000 r  ap_clk (IN)
                         net (fo=224, unset)          0.028     0.028    bd_0_i/hls_inst/U0/ap_clk
    SLICE_X59Y116        FDRE                                         r  bd_0_i/hls_inst/U0/a_0_payload_A_reg[29]/C
  -------------------------------------------------------------------    -------------------
    SLICE_X59Y116        FDRE (Prop_DFF_SLICEL_C_Q)
                                                      0.079     0.107 r  bd_0_i/hls_inst/U0/a_0_payload_A_reg[29]/Q
                         net (fo=2, routed)           1.370     1.477    bd_0_i/hls_inst/U0/a_0_payload_A[29]
    SLICE_X59Y115        LUT6 (Prop_F6LUT_SLICEL_I1_O)
                                                      0.089     1.566 r  bd_0_i/hls_inst/U0/c_1_payload_A[31]_i_12/O
                         net (fo=1, routed)           0.011     1.577    bd_0_i/hls_inst/U0/c_1_payload_A[31]_i_12_n_1
    SLICE_X59Y115        CARRY8 (Prop_CARRY8_SLICEL_S[5]_O[5])
                                                      0.061     1.638 r  bd_0_i/hls_inst/U0/c_1_payload_A_reg[31]_i_2/O[5]
                         net (fo=2, routed)           0.025     1.663    bd_0_i/hls_inst/U0/add_ln12_fu_90_p2[29]
    SLICE_X59Y115        FDRE                                         r  bd_0_i/hls_inst/U0/c_1_payload_B_reg[29]/D
  -------------------------------------------------------------------    -------------------

                         (clock ap_clk rise edge)     3.000     3.000 r  
                                                      0.000     3.000 r  ap_clk (IN)
                         net (fo=224, unset)          0.020     3.020    bd_0_i/hls_inst/U0/ap_clk
    SLICE_X59Y115        FDRE                                         r  bd_0_i/hls_inst/U0/c_1_payload_B_reg[29]/C
                         clock pessimism              0.000     3.020    
                         clock uncertainty           -0.035     2.985    
    SLICE_X59Y115        FDRE (Setup_FFF2_SLICEL_C_D)
                                                      0.025     3.010    bd_0_i/hls_inst/U0/c_1_payload_B_reg[29]
  -------------------------------------------------------------------
                         required time                          3.010    
                         arrival time                          -1.663    
  -------------------------------------------------------------------
                         slack                                  1.347    

Slack (MET) :             1.738ns  (required time - arrival time)
  Source:                 bd_0_i/hls_inst/U0/a_0_sel_wr_reg/C
                            (rising edge-triggered cell FDRE clocked by ap_clk  {rise@0.000ns fall@1.500ns period=3.000ns})
  Destination:            bd_0_i/hls_inst/U0/a_0_payload_B_reg[25]/CE
                            (rising edge-triggered cell FDRE clocked by ap_clk  {rise@0.000ns fall@1.500ns period=3.000ns})
  Path Group:             ap_clk
  Path Type:              Setup (Max at Slow Process Corner)
  Requirement:            3.000ns  (ap_clk rise@3.000ns - ap_clk rise@0.000ns)
  Data Path Delay:        1.159ns  (logic 0.227ns (19.586%)  route 0.932ns (80.414%))
  Logic Levels:           1  (LUT3=1)
  Clock Path Skew:        -0.008ns (DCD - SCD + CPR)
    Destination Clock Delay (DCD):    0.020ns = ( 3.020 - 3.000 ) 
    Source Clock Delay      (SCD):    0.028ns
    Clock Pessimism Removal (CPR):    0.000ns
  Clock Uncertainty:      0.035ns  ((TSJ^2 + TIJ^2)^1/2 + DJ) / 2 + PE
    Total System Jitter     (TSJ):    0.071ns
    Total Input Jitter      (TIJ):    0.000ns
    Discrete Jitter          (DJ):    0.000ns
    Phase Error              (PE):    0.000ns

    Location             Delay type                Incr(ns)  Path(ns)    Netlist Resource(s)
  -------------------------------------------------------------------    -------------------
                         (clock ap_clk rise edge)     0.000     0.000 r  
                                                      0.000     0.000 r  ap_clk (IN)
                         net (fo=224, unset)          0.028     0.028    bd_0_i/hls_inst/U0/ap_clk
    SLICE_X59Y109        FDRE                                         r  bd_0_i/hls_inst/U0/a_0_sel_wr_reg/C
  -------------------------------------------------------------------    -------------------
    SLICE_X59Y109        FDRE (Prop_DFF_SLICEL_C_Q)
                                                      0.079     0.107 r  bd_0_i/hls_inst/U0/a_0_sel_wr_reg/Q
                         net (fo=3, routed)           0.061     0.168    bd_0_i/hls_inst/U0/a_0_sel_wr
    SLICE_X59Y109        LUT3 (Prop_F6LUT_SLICEL_I0_O)
                                                      0.148     0.316 r  bd_0_i/hls_inst/U0/a_0_payload_B[31]_i_1/O
                         net (fo=32, routed)          0.871     1.187    bd_0_i/hls_inst/U0/a_0_load_B
    SLICE_X59Y116        FDRE                                         r  bd_0_i/hls_inst/U0/a_0_payload_B_reg[25]/CE
  -------------------------------------------------------------------    -------------------

                         (clock ap_clk rise edge)     3.000     3.000 r  
                                                      0.000     3.000 r  ap_clk (IN)
                         net (fo=224, unset)          0.020     3.020    bd_0_i/hls_inst/U0/ap_clk
    SLICE_X59Y116        FDRE                                         r  bd_0_i/hls_inst/U0/a_0_payload_B_reg[25]/C
                         clock pessimism              0.000     3.020    
                         clock uncertainty           -0.035     2.985    
    SLICE_X59Y116        FDRE (Setup_EFF2_SLICEL_C_CE)
                                                     -0.060     2.925    bd_0_i/hls_inst/U0/a_0_payload_B_reg[25]
  -------------------------------------------------------------------
                         required time                          2.925    
                         arrival time                          -1.187    
  -------------------------------------------------------------------
                         slack                                  1.738    

Slack (MET) :             1.738ns  (required time - arrival time)
  Source:                 bd_0_i/hls_inst/U0/a_0_sel_wr_reg/C
                            (rising edge-triggered cell FDRE clocked by ap_clk  {rise@0.000ns fall@1.500ns period=3.000ns})
  Destination:            bd_0_i/hls_inst/U0/a_0_payload_B_reg[27]/CE
                            (rising edge-triggered cell FDRE clocked by ap_clk  {rise@0.000ns fall@1.500ns period=3.000ns})
  Path Group:             ap_clk
  Path Type:              Setup (Max at Slow Process Corner)
  Requirement:            3.000ns  (ap_clk rise@3.000ns - ap_clk rise@0.000ns)
  Data Path Delay:        1.159ns  (logic 0.227ns (19.586%)  route 0.932ns (80.414%))
  Logic Levels:           1  (LUT3=1)
  Clock Path Skew:        -0.008ns (DCD - SCD + CPR)
    Destination Clock Delay (DCD):    0.020ns = ( 3.020 - 3.000 ) 
    Source Clock Delay      (SCD):    0.028ns
    Clock Pessimism Removal (CPR):    0.000ns
  Clock Uncertainty:      0.035ns  ((TSJ^2 + TIJ^2)^1/2 + DJ) / 2 + PE
    Total System Jitter     (TSJ):    0.071ns
    Total Input Jitter      (TIJ):    0.000ns
    Discrete Jitter          (DJ):    0.000ns
    Phase Error              (PE):    0.000ns

    Location             Delay type                Incr(ns)  Path(ns)    Netlist Resource(s)
  -------------------------------------------------------------------    -------------------
                         (clock ap_clk rise edge)     0.000     0.000 r  
                                                      0.000     0.000 r  ap_clk (IN)
                         net (fo=224, unset)          0.028     0.028    bd_0_i/hls_inst/U0/ap_clk
    SLICE_X59Y109        FDRE                                         r  bd_0_i/hls_inst/U0/a_0_sel_wr_reg/C
  -------------------------------------------------------------------    -------------------
    SLICE_X59Y109        FDRE (Prop_DFF_SLICEL_C_Q)
                                                      0.079     0.107 r  bd_0_i/hls_inst/U0/a_0_sel_wr_reg/Q
                         net (fo=3, routed)           0.061     0.168    bd_0_i/hls_inst/U0/a_0_sel_wr
    SLICE_X59Y109        LUT3 (Prop_F6LUT_SLICEL_I0_O)
                                                      0.148     0.316 r  bd_0_i/hls_inst/U0/a_0_payload_B[31]_i_1/O
                         net (fo=32, routed)          0.871     1.187    bd_0_i/hls_inst/U0/a_0_load_B
    SLICE_X59Y116        FDRE                                         r  bd_0_i/hls_inst/U0/a_0_payload_B_reg[27]/CE
  -------------------------------------------------------------------    -------------------

                         (clock ap_clk rise edge)     3.000     3.000 r  
                                                      0.000     3.000 r  ap_clk (IN)
                         net (fo=224, unset)          0.020     3.020    bd_0_i/hls_inst/U0/ap_clk
    SLICE_X59Y116        FDRE                                         r  bd_0_i/hls_inst/U0/a_0_payload_B_reg[27]/C
                         clock pessimism              0.000     3.020    
                         clock uncertainty           -0.035     2.985    
    SLICE_X59Y116        FDRE (Setup_FFF2_SLICEL_C_CE)
                                                     -0.060     2.925    bd_0_i/hls_inst/U0/a_0_payload_B_reg[27]
  -------------------------------------------------------------------
                         required time                          2.925    
                         arrival time                          -1.187    
  -------------------------------------------------------------------
                         slack                                  1.738    

Slack (MET) :             1.738ns  (required time - arrival time)
  Source:                 bd_0_i/hls_inst/U0/a_0_sel_wr_reg/C
                            (rising edge-triggered cell FDRE clocked by ap_clk  {rise@0.000ns fall@1.500ns period=3.000ns})
  Destination:            bd_0_i/hls_inst/U0/a_0_payload_B_reg[29]/CE
                            (rising edge-triggered cell FDRE clocked by ap_clk  {rise@0.000ns fall@1.500ns period=3.000ns})
  Path Group:             ap_clk
  Path Type:              Setup (Max at Slow Process Corner)
  Requirement:            3.000ns  (ap_clk rise@3.000ns - ap_clk rise@0.000ns)
  Data Path Delay:        1.159ns  (logic 0.227ns (19.586%)  route 0.932ns (80.414%))
  Logic Levels:           1  (LUT3=1)
  Clock Path Skew:        -0.008ns (DCD - SCD + CPR)
    Destination Clock Delay (DCD):    0.020ns = ( 3.020 - 3.000 ) 
    Source Clock Delay      (SCD):    0.028ns
    Clock Pessimism Removal (CPR):    0.000ns
  Clock Uncertainty:      0.035ns  ((TSJ^2 + TIJ^2)^1/2 + DJ) / 2 + PE
    Total System Jitter     (TSJ):    0.071ns
    Total Input Jitter      (TIJ):    0.000ns
    Discrete Jitter          (DJ):    0.000ns
    Phase Error              (PE):    0.000ns

    Location             Delay type                Incr(ns)  Path(ns)    Netlist Resource(s)
  -------------------------------------------------------------------    -------------------
                         (clock ap_clk rise edge)     0.000     0.000 r  
                                                      0.000     0.000 r  ap_clk (IN)
                         net (fo=224, unset)          0.028     0.028    bd_0_i/hls_inst/U0/ap_clk
    SLICE_X59Y109        FDRE                                         r  bd_0_i/hls_inst/U0/a_0_sel_wr_reg/C
  -------------------------------------------------------------------    -------------------
    SLICE_X59Y109        FDRE (Prop_DFF_SLICEL_C_Q)
                                                      0.079     0.107 r  bd_0_i/hls_inst/U0/a_0_sel_wr_reg/Q
                         net (fo=3, routed)           0.061     0.168    bd_0_i/hls_inst/U0/a_0_sel_wr
    SLICE_X59Y109        LUT3 (Prop_F6LUT_SLICEL_I0_O)
                                                      0.148     0.316 r  bd_0_i/hls_inst/U0/a_0_payload_B[31]_i_1/O
                         net (fo=32, routed)          0.871     1.187    bd_0_i/hls_inst/U0/a_0_load_B
    SLICE_X59Y116        FDRE                                         r  bd_0_i/hls_inst/U0/a_0_payload_B_reg[29]/CE
  -------------------------------------------------------------------    -------------------

                         (clock ap_clk rise edge)     3.000     3.000 r  
                                                      0.000     3.000 r  ap_clk (IN)
                         net (fo=224, unset)          0.020     3.020    bd_0_i/hls_inst/U0/ap_clk
    SLICE_X59Y116        FDRE                                         r  bd_0_i/hls_inst/U0/a_0_payload_B_reg[29]/C
                         clock pessimism              0.000     3.020    
                         clock uncertainty           -0.035     2.985    
    SLICE_X59Y116        FDRE (Setup_GFF2_SLICEL_C_CE)
                                                     -0.060     2.925    bd_0_i/hls_inst/U0/a_0_payload_B_reg[29]
  -------------------------------------------------------------------
                         required time                          2.925    
                         arrival time                          -1.187    
  -------------------------------------------------------------------
                         slack                                  1.738    

Slack (MET) :             1.740ns  (required time - arrival time)
  Source:                 bd_0_i/hls_inst/U0/a_0_sel_wr_reg/C
                            (rising edge-triggered cell FDRE clocked by ap_clk  {rise@0.000ns fall@1.500ns period=3.000ns})
  Destination:            bd_0_i/hls_inst/U0/a_0_payload_B_reg[24]/CE
                            (rising edge-triggered cell FDRE clocked by ap_clk  {rise@0.000ns fall@1.500ns period=3.000ns})
  Path Group:             ap_clk
  Path Type:              Setup (Max at Slow Process Corner)
  Requirement:            3.000ns  (ap_clk rise@3.000ns - ap_clk rise@0.000ns)
  Data Path Delay:        1.157ns  (logic 0.227ns (19.620%)  route 0.930ns (80.380%))
  Logic Levels:           1  (LUT3=1)
  Clock Path Skew:        -0.008ns (DCD - SCD + CPR)
    Destination Clock Delay (DCD):    0.020ns = ( 3.020 - 3.000 ) 
    Source Clock Delay      (SCD):    0.028ns
    Clock Pessimism Removal (CPR):    0.000ns
  Clock Uncertainty:      0.035ns  ((TSJ^2 + TIJ^2)^1/2 + DJ) / 2 + PE
    Total System Jitter     (TSJ):    0.071ns
    Total Input Jitter      (TIJ):    0.000ns
    Discrete Jitter          (DJ):    0.000ns
    Phase Error              (PE):    0.000ns

    Location             Delay type                Incr(ns)  Path(ns)    Netlist Resource(s)
  -------------------------------------------------------------------    -------------------
                         (clock ap_clk rise edge)     0.000     0.000 r  
                                                      0.000     0.000 r  ap_clk (IN)
                         net (fo=224, unset)          0.028     0.028    bd_0_i/hls_inst/U0/ap_clk
    SLICE_X59Y109        FDRE                                         r  bd_0_i/hls_inst/U0/a_0_sel_wr_reg/C
  -------------------------------------------------------------------    -------------------
    SLICE_X59Y109        FDRE (Prop_DFF_SLICEL_C_Q)
                                                      0.079     0.107 r  bd_0_i/hls_inst/U0/a_0_sel_wr_reg/Q
                         net (fo=3, routed)           0.061     0.168    bd_0_i/hls_inst/U0/a_0_sel_wr
    SLICE_X59Y109        LUT3 (Prop_F6LUT_SLICEL_I0_O)
                                                      0.148     0.316 r  bd_0_i/hls_inst/U0/a_0_payload_B[31]_i_1/O
                         net (fo=32, routed)          0.869     1.185    bd_0_i/hls_inst/U0/a_0_load_B
    SLICE_X59Y116        FDRE                                         r  bd_0_i/hls_inst/U0/a_0_payload_B_reg[24]/CE
  -------------------------------------------------------------------    -------------------

                         (clock ap_clk rise edge)     3.000     3.000 r  
                                                      0.000     3.000 r  ap_clk (IN)
                         net (fo=224, unset)          0.020     3.020    bd_0_i/hls_inst/U0/ap_clk
    SLICE_X59Y116        FDRE                                         r  bd_0_i/hls_inst/U0/a_0_payload_B_reg[24]/C
                         clock pessimism              0.000     3.020    
                         clock uncertainty           -0.035     2.985    
    SLICE_X59Y116        FDRE (Setup_EFF_SLICEL_C_CE)
                                                     -0.060     2.925    bd_0_i/hls_inst/U0/a_0_payload_B_reg[24]
  -------------------------------------------------------------------
                         required time                          2.925    
                         arrival time                          -1.185    
  -------------------------------------------------------------------
                         slack                                  1.740    





Min Delay Paths
--------------------------------------------------------------------------------------
Slack (MET) :             0.046ns  (arrival time - required time)
  Source:                 bd_0_i/hls_inst/U0/ap_CS_fsm_reg[2]/C
                            (rising edge-triggered cell FDRE clocked by ap_clk  {rise@0.000ns fall@1.500ns period=3.000ns})
  Destination:            bd_0_i/hls_inst/U0/ap_CS_fsm_reg[2]/D
                            (rising edge-triggered cell FDRE clocked by ap_clk  {rise@0.000ns fall@1.500ns period=3.000ns})
  Path Group:             ap_clk
  Path Type:              Hold (Min at Fast Process Corner)
  Requirement:            0.000ns  (ap_clk rise@0.000ns - ap_clk rise@0.000ns)
  Data Path Delay:        0.098ns  (logic 0.053ns (54.082%)  route 0.045ns (45.918%))
  Logic Levels:           1  (LUT6=1)
  Clock Path Skew:        0.006ns (DCD - SCD - CPR)
    Destination Clock Delay (DCD):    0.018ns
    Source Clock Delay      (SCD):    0.012ns
    Clock Pessimism Removal (CPR):    -0.000ns

    Location             Delay type                Incr(ns)  Path(ns)    Netlist Resource(s)
  -------------------------------------------------------------------    -------------------
                         (clock ap_clk rise edge)     0.000     0.000 r  
                                                      0.000     0.000 r  ap_clk (IN)
                         net (fo=224, unset)          0.012     0.012    bd_0_i/hls_inst/U0/ap_clk
    SLICE_X59Y106        FDRE                                         r  bd_0_i/hls_inst/U0/ap_CS_fsm_reg[2]/C
  -------------------------------------------------------------------    -------------------
    SLICE_X59Y106        FDRE (Prop_CFF_SLICEL_C_Q)
                                                      0.039     0.051 r  bd_0_i/hls_inst/U0/ap_CS_fsm_reg[2]/Q
                         net (fo=3, routed)           0.028     0.079    bd_0_i/hls_inst/U0/ap_CS_fsm_pp0_stage1
    SLICE_X59Y106        LUT6 (Prop_C6LUT_SLICEL_I1_O)
                                                      0.014     0.093 r  bd_0_i/hls_inst/U0/ap_CS_fsm[2]_i_1/O
                         net (fo=1, routed)           0.017     0.110    bd_0_i/hls_inst/U0/ap_NS_fsm[2]
    SLICE_X59Y106        FDRE                                         r  bd_0_i/hls_inst/U0/ap_CS_fsm_reg[2]/D
  -------------------------------------------------------------------    -------------------

                         (clock ap_clk rise edge)     0.000     0.000 r  
                                                      0.000     0.000 r  ap_clk (IN)
                         net (fo=224, unset)          0.018     0.018    bd_0_i/hls_inst/U0/ap_clk
    SLICE_X59Y106        FDRE                                         r  bd_0_i/hls_inst/U0/ap_CS_fsm_reg[2]/C
                         clock pessimism              0.000     0.018    
    SLICE_X59Y106        FDRE (Hold_CFF_SLICEL_C_D)
                                                      0.046     0.064    bd_0_i/hls_inst/U0/ap_CS_fsm_reg[2]
  -------------------------------------------------------------------
                         required time                         -0.064    
                         arrival time                           0.110    
  -------------------------------------------------------------------
                         slack                                  0.046    

Slack (MET) :             0.055ns  (arrival time - required time)
  Source:                 bd_0_i/hls_inst/U0/icmp_ln10_reg_97_reg[0]/C
                            (rising edge-triggered cell FDRE clocked by ap_clk  {rise@0.000ns fall@1.500ns period=3.000ns})
  Destination:            bd_0_i/hls_inst/U0/icmp_ln10_reg_97_reg[0]/D
                            (rising edge-triggered cell FDRE clocked by ap_clk  {rise@0.000ns fall@1.500ns period=3.000ns})
  Path Group:             ap_clk
  Path Type:              Hold (Min at Fast Process Corner)
  Requirement:            0.000ns  (ap_clk rise@0.000ns - ap_clk rise@0.000ns)
  Data Path Delay:        0.107ns  (logic 0.053ns (49.533%)  route 0.054ns (50.467%))
  Logic Levels:           1  (LUT6=1)
  Clock Path Skew:        0.006ns (DCD - SCD - CPR)
    Destination Clock Delay (DCD):    0.018ns
    Source Clock Delay      (SCD):    0.012ns
    Clock Pessimism Removal (CPR):    -0.000ns

    Location             Delay type                Incr(ns)  Path(ns)    Netlist Resource(s)
  -------------------------------------------------------------------    -------------------
                         (clock ap_clk rise edge)     0.000     0.000 r  
                                                      0.000     0.000 r  ap_clk (IN)
                         net (fo=224, unset)          0.012     0.012    bd_0_i/hls_inst/U0/ap_clk
    SLICE_X58Y105        FDRE                                         r  bd_0_i/hls_inst/U0/icmp_ln10_reg_97_reg[0]/C
  -------------------------------------------------------------------    -------------------
    SLICE_X58Y105        FDRE (Prop_CFF_SLICEL_C_Q)
                                                      0.039     0.051 r  bd_0_i/hls_inst/U0/icmp_ln10_reg_97_reg[0]/Q
                         net (fo=16, routed)          0.037     0.088    bd_0_i/hls_inst/U0/icmp_ln10_reg_97_reg_n_1_[0]
    SLICE_X58Y105        LUT6 (Prop_C6LUT_SLICEL_I5_O)
                                                      0.014     0.102 r  bd_0_i/hls_inst/U0/icmp_ln10_reg_97[0]_i_1/O
                         net (fo=1, routed)           0.017     0.119    bd_0_i/hls_inst/U0/icmp_ln10_reg_97[0]_i_1_n_1
    SLICE_X58Y105        FDRE                                         r  bd_0_i/hls_inst/U0/icmp_ln10_reg_97_reg[0]/D
  -------------------------------------------------------------------    -------------------

                         (clock ap_clk rise edge)     0.000     0.000 r  
                                                      0.000     0.000 r  ap_clk (IN)
                         net (fo=224, unset)          0.018     0.018    bd_0_i/hls_inst/U0/ap_clk
    SLICE_X58Y105        FDRE                                         r  bd_0_i/hls_inst/U0/icmp_ln10_reg_97_reg[0]/C
                         clock pessimism              0.000     0.018    
    SLICE_X58Y105        FDRE (Hold_CFF_SLICEL_C_D)
                                                      0.046     0.064    bd_0_i/hls_inst/U0/icmp_ln10_reg_97_reg[0]
  -------------------------------------------------------------------
                         required time                         -0.064    
                         arrival time                           0.119    
  -------------------------------------------------------------------
                         slack                                  0.055    

Slack (MET) :             0.058ns  (arrival time - required time)
  Source:                 bd_0_i/hls_inst/U0/i_reg_101_reg[2]/C
                            (rising edge-triggered cell FDRE clocked by ap_clk  {rise@0.000ns fall@1.500ns period=3.000ns})
  Destination:            bd_0_i/hls_inst/U0/i_reg_101_reg[2]/D
                            (rising edge-triggered cell FDRE clocked by ap_clk  {rise@0.000ns fall@1.500ns period=3.000ns})
  Path Group:             ap_clk
  Path Type:              Hold (Min at Fast Process Corner)
  Requirement:            0.000ns  (ap_clk rise@0.000ns - ap_clk rise@0.000ns)
  Data Path Delay:        0.110ns  (logic 0.062ns (56.364%)  route 0.048ns (43.636%))
  Logic Levels:           1  (LUT6=1)
  Clock Path Skew:        0.006ns (DCD - SCD - CPR)
    Destination Clock Delay (DCD):    0.018ns
    Source Clock Delay      (SCD):    0.012ns
    Clock Pessimism Removal (CPR):    -0.000ns

    Location             Delay type                Incr(ns)  Path(ns)    Netlist Resource(s)
  -------------------------------------------------------------------    -------------------
                         (clock ap_clk rise edge)     0.000     0.000 r  
                                                      0.000     0.000 r  ap_clk (IN)
                         net (fo=224, unset)          0.012     0.012    bd_0_i/hls_inst/U0/ap_clk
    SLICE_X58Y104        FDRE                                         r  bd_0_i/hls_inst/U0/i_reg_101_reg[2]/C
  -------------------------------------------------------------------    -------------------
    SLICE_X58Y104        FDRE (Prop_BFF_SLICEL_C_Q)
                                                      0.039     0.051 r  bd_0_i/hls_inst/U0/i_reg_101_reg[2]/Q
                         net (fo=6, routed)           0.033     0.084    bd_0_i/hls_inst/U0/i_reg_101_reg[2]
    SLICE_X58Y104        LUT6 (Prop_B6LUT_SLICEL_I1_O)
                                                      0.023     0.107 r  bd_0_i/hls_inst/U0/i_reg_101[2]_i_1/O
                         net (fo=1, routed)           0.015     0.122    bd_0_i/hls_inst/U0/i_fu_84_p2[2]
    SLICE_X58Y104        FDRE                                         r  bd_0_i/hls_inst/U0/i_reg_101_reg[2]/D
  -------------------------------------------------------------------    -------------------

                         (clock ap_clk rise edge)     0.000     0.000 r  
                                                      0.000     0.000 r  ap_clk (IN)
                         net (fo=224, unset)          0.018     0.018    bd_0_i/hls_inst/U0/ap_clk
    SLICE_X58Y104        FDRE                                         r  bd_0_i/hls_inst/U0/i_reg_101_reg[2]/C
                         clock pessimism              0.000     0.018    
    SLICE_X58Y104        FDRE (Hold_BFF_SLICEL_C_D)
                                                      0.046     0.064    bd_0_i/hls_inst/U0/i_reg_101_reg[2]
  -------------------------------------------------------------------
                         required time                         -0.064    
                         arrival time                           0.122    
  -------------------------------------------------------------------
                         slack                                  0.058    

Slack (MET) :             0.059ns  (arrival time - required time)
  Source:                 bd_0_i/hls_inst/U0/ap_enable_reg_pp0_iter1_reg/C
                            (rising edge-triggered cell FDRE clocked by ap_clk  {rise@0.000ns fall@1.500ns period=3.000ns})
  Destination:            bd_0_i/hls_inst/U0/ap_enable_reg_pp0_iter1_reg/D
                            (rising edge-triggered cell FDRE clocked by ap_clk  {rise@0.000ns fall@1.500ns period=3.000ns})
  Path Group:             ap_clk
  Path Type:              Hold (Min at Fast Process Corner)
  Requirement:            0.000ns  (ap_clk rise@0.000ns - ap_clk rise@0.000ns)
  Data Path Delay:        0.111ns  (logic 0.062ns (55.856%)  route 0.049ns (44.144%))
  Logic Levels:           1  (LUT6=1)
  Clock Path Skew:        0.006ns (DCD - SCD - CPR)
    Destination Clock Delay (DCD):    0.018ns
    Source Clock Delay      (SCD):    0.012ns
    Clock Pessimism Removal (CPR):    -0.000ns

    Location             Delay type                Incr(ns)  Path(ns)    Netlist Resource(s)
  -------------------------------------------------------------------    -------------------
                         (clock ap_clk rise edge)     0.000     0.000 r  
                                                      0.000     0.000 r  ap_clk (IN)
                         net (fo=224, unset)          0.012     0.012    bd_0_i/hls_inst/U0/ap_clk
    SLICE_X59Y105        FDRE                                         r  bd_0_i/hls_inst/U0/ap_enable_reg_pp0_iter1_reg/C
  -------------------------------------------------------------------    -------------------
    SLICE_X59Y105        FDRE (Prop_BFF_SLICEL_C_Q)
                                                      0.039     0.051 r  bd_0_i/hls_inst/U0/ap_enable_reg_pp0_iter1_reg/Q
                         net (fo=13, routed)          0.034     0.085    bd_0_i/hls_inst/U0/ap_enable_reg_pp0_iter1_reg_n_1
    SLICE_X59Y105        LUT6 (Prop_B6LUT_SLICEL_I4_O)
                                                      0.023     0.108 r  bd_0_i/hls_inst/U0/ap_enable_reg_pp0_iter1_i_1/O
                         net (fo=1, routed)           0.015     0.123    bd_0_i/hls_inst/U0/ap_enable_reg_pp0_iter1_i_1_n_1
    SLICE_X59Y105        FDRE                                         r  bd_0_i/hls_inst/U0/ap_enable_reg_pp0_iter1_reg/D
  -------------------------------------------------------------------    -------------------

                         (clock ap_clk rise edge)     0.000     0.000 r  
                                                      0.000     0.000 r  ap_clk (IN)
                         net (fo=224, unset)          0.018     0.018    bd_0_i/hls_inst/U0/ap_clk
    SLICE_X59Y105        FDRE                                         r  bd_0_i/hls_inst/U0/ap_enable_reg_pp0_iter1_reg/C
                         clock pessimism              0.000     0.018    
    SLICE_X59Y105        FDRE (Hold_BFF_SLICEL_C_D)
                                                      0.046     0.064    bd_0_i/hls_inst/U0/ap_enable_reg_pp0_iter1_reg
  -------------------------------------------------------------------
                         required time                         -0.064    
                         arrival time                           0.123    
  -------------------------------------------------------------------
                         slack                                  0.059    

Slack (MET) :             0.060ns  (arrival time - required time)
  Source:                 bd_0_i/hls_inst/U0/a_0_state_reg[0]/C
                            (rising edge-triggered cell FDRE clocked by ap_clk  {rise@0.000ns fall@1.500ns period=3.000ns})
  Destination:            bd_0_i/hls_inst/U0/a_0_state_reg[0]/D
                            (rising edge-triggered cell FDRE clocked by ap_clk  {rise@0.000ns fall@1.500ns period=3.000ns})
  Path Group:             ap_clk
  Path Type:              Hold (Min at Fast Process Corner)
  Requirement:            0.000ns  (ap_clk rise@0.000ns - ap_clk rise@0.000ns)
  Data Path Delay:        0.112ns  (logic 0.062ns (55.357%)  route 0.050ns (44.643%))
  Logic Levels:           1  (LUT5=1)
  Clock Path Skew:        0.006ns (DCD - SCD - CPR)
    Destination Clock Delay (DCD):    0.019ns
    Source Clock Delay      (SCD):    0.013ns
    Clock Pessimism Removal (CPR):    -0.000ns

    Location             Delay type                Incr(ns)  Path(ns)    Netlist Resource(s)
  -------------------------------------------------------------------    -------------------
                         (clock ap_clk rise edge)     0.000     0.000 r  
                                                      0.000     0.000 r  ap_clk (IN)
                         net (fo=224, unset)          0.013     0.013    bd_0_i/hls_inst/U0/ap_clk
    SLICE_X59Y109        FDRE                                         r  bd_0_i/hls_inst/U0/a_0_state_reg[0]/C
  -------------------------------------------------------------------    -------------------
    SLICE_X59Y109        FDRE (Prop_HFF_SLICEL_C_Q)
                                                      0.039     0.052 r  bd_0_i/hls_inst/U0/a_0_state_reg[0]/Q
                         net (fo=7, routed)           0.033     0.085    bd_0_i/hls_inst/U0/a_0_state_reg_n_1_[0]
    SLICE_X59Y109        LUT5 (Prop_H6LUT_SLICEL_I3_O)
                                                      0.023     0.108 r  bd_0_i/hls_inst/U0/a_0_state[0]_i_1/O
                         net (fo=1, routed)           0.017     0.125    bd_0_i/hls_inst/U0/a_0_state[0]_i_1_n_1
    SLICE_X59Y109        FDRE                                         r  bd_0_i/hls_inst/U0/a_0_state_reg[0]/D
  -------------------------------------------------------------------    -------------------

                         (clock ap_clk rise edge)     0.000     0.000 r  
                                                      0.000     0.000 r  ap_clk (IN)
                         net (fo=224, unset)          0.019     0.019    bd_0_i/hls_inst/U0/ap_clk
    SLICE_X59Y109        FDRE                                         r  bd_0_i/hls_inst/U0/a_0_state_reg[0]/C
                         clock pessimism              0.000     0.019    
    SLICE_X59Y109        FDRE (Hold_HFF_SLICEL_C_D)
                                                      0.046     0.065    bd_0_i/hls_inst/U0/a_0_state_reg[0]
  -------------------------------------------------------------------
                         required time                         -0.065    
                         arrival time                           0.125    
  -------------------------------------------------------------------
                         slack                                  0.060    

Slack (MET) :             0.072ns  (arrival time - required time)
  Source:                 bd_0_i/hls_inst/U0/ap_enable_reg_pp0_iter0_reg/C
                            (rising edge-triggered cell FDRE clocked by ap_clk  {rise@0.000ns fall@1.500ns period=3.000ns})
  Destination:            bd_0_i/hls_inst/U0/ap_CS_fsm_reg[3]/D
                            (rising edge-triggered cell FDRE clocked by ap_clk  {rise@0.000ns fall@1.500ns period=3.000ns})
  Path Group:             ap_clk
  Path Type:              Hold (Min at Fast Process Corner)
  Requirement:            0.000ns  (ap_clk rise@0.000ns - ap_clk rise@0.000ns)
  Data Path Delay:        0.124ns  (logic 0.053ns (42.742%)  route 0.071ns (57.258%))
  Logic Levels:           1  (LUT6=1)
  Clock Path Skew:        0.006ns (DCD - SCD - CPR)
    Destination Clock Delay (DCD):    0.018ns
    Source Clock Delay      (SCD):    0.012ns
    Clock Pessimism Removal (CPR):    -0.000ns

    Location             Delay type                Incr(ns)  Path(ns)    Netlist Resource(s)
  -------------------------------------------------------------------    -------------------
                         (clock ap_clk rise edge)     0.000     0.000 r  
                                                      0.000     0.000 r  ap_clk (IN)
                         net (fo=224, unset)          0.012     0.012    bd_0_i/hls_inst/U0/ap_clk
    SLICE_X59Y105        FDRE                                         r  bd_0_i/hls_inst/U0/ap_enable_reg_pp0_iter0_reg/C
  -------------------------------------------------------------------    -------------------
    SLICE_X59Y105        FDRE (Prop_CFF_SLICEL_C_Q)
                                                      0.039     0.051 r  bd_0_i/hls_inst/U0/ap_enable_reg_pp0_iter0_reg/Q
                         net (fo=8, routed)           0.055     0.106    bd_0_i/hls_inst/U0/ap_enable_reg_pp0_iter0
    SLICE_X59Y106        LUT6 (Prop_D6LUT_SLICEL_I5_O)
                                                      0.014     0.120 r  bd_0_i/hls_inst/U0/ap_CS_fsm[3]_i_1/O
                         net (fo=1, routed)           0.016     0.136    bd_0_i/hls_inst/U0/ap_NS_fsm[3]
    SLICE_X59Y106        FDRE                                         r  bd_0_i/hls_inst/U0/ap_CS_fsm_reg[3]/D
  -------------------------------------------------------------------    -------------------

                         (clock ap_clk rise edge)     0.000     0.000 r  
                                                      0.000     0.000 r  ap_clk (IN)
                         net (fo=224, unset)          0.018     0.018    bd_0_i/hls_inst/U0/ap_clk
    SLICE_X59Y106        FDRE                                         r  bd_0_i/hls_inst/U0/ap_CS_fsm_reg[3]/C
                         clock pessimism              0.000     0.018    
    SLICE_X59Y106        FDRE (Hold_DFF_SLICEL_C_D)
                                                      0.046     0.064    bd_0_i/hls_inst/U0/ap_CS_fsm_reg[3]
  -------------------------------------------------------------------
                         required time                         -0.064    
                         arrival time                           0.136    
  -------------------------------------------------------------------
                         slack                                  0.072    

Slack (MET) :             0.072ns  (arrival time - required time)
  Source:                 bd_0_i/hls_inst/U0/i_reg_101_reg[5]/C
                            (rising edge-triggered cell FDRE clocked by ap_clk  {rise@0.000ns fall@1.500ns period=3.000ns})
  Destination:            bd_0_i/hls_inst/U0/i_reg_101_reg[5]/D
                            (rising edge-triggered cell FDRE clocked by ap_clk  {rise@0.000ns fall@1.500ns period=3.000ns})
  Path Group:             ap_clk
  Path Type:              Hold (Min at Fast Process Corner)
  Requirement:            0.000ns  (ap_clk rise@0.000ns - ap_clk rise@0.000ns)
  Data Path Delay:        0.124ns  (logic 0.074ns (59.677%)  route 0.050ns (40.323%))
  Logic Levels:           1  (LUT6=1)
  Clock Path Skew:        0.006ns (DCD - SCD - CPR)
    Destination Clock Delay (DCD):    0.018ns
    Source Clock Delay      (SCD):    0.012ns
    Clock Pessimism Removal (CPR):    -0.000ns

    Location             Delay type                Incr(ns)  Path(ns)    Netlist Resource(s)
  -------------------------------------------------------------------    -------------------
                         (clock ap_clk rise edge)     0.000     0.000 r  
                                                      0.000     0.000 r  ap_clk (IN)
                         net (fo=224, unset)          0.012     0.012    bd_0_i/hls_inst/U0/ap_clk
    SLICE_X58Y103        FDRE                                         r  bd_0_i/hls_inst/U0/i_reg_101_reg[5]/C
  -------------------------------------------------------------------    -------------------
    SLICE_X58Y103        FDRE (Prop_DFF_SLICEL_C_Q)
                                                      0.039     0.051 r  bd_0_i/hls_inst/U0/i_reg_101_reg[5]/Q
                         net (fo=5, routed)           0.034     0.085    bd_0_i/hls_inst/U0/i_reg_101_reg[5]
    SLICE_X58Y103        LUT6 (Prop_D6LUT_SLICEL_I1_O)
                                                      0.035     0.120 r  bd_0_i/hls_inst/U0/i_reg_101[5]_i_1/O
                         net (fo=1, routed)           0.016     0.136    bd_0_i/hls_inst/U0/i_fu_84_p2[5]
    SLICE_X58Y103        FDRE                                         r  bd_0_i/hls_inst/U0/i_reg_101_reg[5]/D
  -------------------------------------------------------------------    -------------------

                         (clock ap_clk rise edge)     0.000     0.000 r  
                                                      0.000     0.000 r  ap_clk (IN)
                         net (fo=224, unset)          0.018     0.018    bd_0_i/hls_inst/U0/ap_clk
    SLICE_X58Y103        FDRE                                         r  bd_0_i/hls_inst/U0/i_reg_101_reg[5]/C
                         clock pessimism              0.000     0.018    
    SLICE_X58Y103        FDRE (Hold_DFF_SLICEL_C_D)
                                                      0.046     0.064    bd_0_i/hls_inst/U0/i_reg_101_reg[5]
  -------------------------------------------------------------------
                         required time                         -0.064    
                         arrival time                           0.136    
  -------------------------------------------------------------------
                         slack                                  0.072    

Slack (MET) :             0.076ns  (arrival time - required time)
  Source:                 bd_0_i/hls_inst/U0/c_1_state_reg[1]/C
                            (rising edge-triggered cell FDRE clocked by ap_clk  {rise@0.000ns fall@1.500ns period=3.000ns})
  Destination:            bd_0_i/hls_inst/U0/ap_CS_fsm_reg[0]/D
                            (rising edge-triggered cell FDSE clocked by ap_clk  {rise@0.000ns fall@1.500ns period=3.000ns})
  Path Group:             ap_clk
  Path Type:              Hold (Min at Fast Process Corner)
  Requirement:            0.000ns  (ap_clk rise@0.000ns - ap_clk rise@0.000ns)
  Data Path Delay:        0.129ns  (logic 0.054ns (41.860%)  route 0.075ns (58.140%))
  Logic Levels:           1  (LUT6=1)
  Clock Path Skew:        0.007ns (DCD - SCD - CPR)
    Destination Clock Delay (DCD):    0.019ns
    Source Clock Delay      (SCD):    0.012ns
    Clock Pessimism Removal (CPR):    -0.000ns

    Location             Delay type                Incr(ns)  Path(ns)    Netlist Resource(s)
  -------------------------------------------------------------------    -------------------
                         (clock ap_clk rise edge)     0.000     0.000 r  
                                                      0.000     0.000 r  ap_clk (IN)
                         net (fo=224, unset)          0.012     0.012    bd_0_i/hls_inst/U0/ap_clk
    SLICE_X59Y106        FDRE                                         r  bd_0_i/hls_inst/U0/c_1_state_reg[1]/C
  -------------------------------------------------------------------    -------------------
    SLICE_X59Y106        FDRE (Prop_BFF_SLICEL_C_Q)
                                                      0.039     0.051 r  bd_0_i/hls_inst/U0/c_1_state_reg[1]/Q
                         net (fo=16, routed)          0.058     0.109    bd_0_i/hls_inst/U0/c_1_ack_in
    SLICE_X59Y105        LUT6 (Prop_H6LUT_SLICEL_I0_O)
                                                      0.015     0.124 r  bd_0_i/hls_inst/U0/ap_CS_fsm[0]_i_1/O
                         net (fo=1, routed)           0.017     0.141    bd_0_i/hls_inst/U0/ap_NS_fsm[0]
    SLICE_X59Y105        FDSE                                         r  bd_0_i/hls_inst/U0/ap_CS_fsm_reg[0]/D
  -------------------------------------------------------------------    -------------------

                         (clock ap_clk rise edge)     0.000     0.000 r  
                                                      0.000     0.000 r  ap_clk (IN)
                         net (fo=224, unset)          0.019     0.019    bd_0_i/hls_inst/U0/ap_clk
    SLICE_X59Y105        FDSE                                         r  bd_0_i/hls_inst/U0/ap_CS_fsm_reg[0]/C
                         clock pessimism              0.000     0.019    
    SLICE_X59Y105        FDSE (Hold_HFF_SLICEL_C_D)
                                                      0.046     0.065    bd_0_i/hls_inst/U0/ap_CS_fsm_reg[0]
  -------------------------------------------------------------------
                         required time                         -0.065    
                         arrival time                           0.141    
  -------------------------------------------------------------------
                         slack                                  0.076    

Slack (MET) :             0.077ns  (arrival time - required time)
  Source:                 bd_0_i/hls_inst/U0/i_reg_101_reg[1]/C
                            (rising edge-triggered cell FDRE clocked by ap_clk  {rise@0.000ns fall@1.500ns period=3.000ns})
  Destination:            bd_0_i/hls_inst/U0/i_0_reg_67_reg[1]/D
                            (rising edge-triggered cell FDRE clocked by ap_clk  {rise@0.000ns fall@1.500ns period=3.000ns})
  Path Group:             ap_clk
  Path Type:              Hold (Min at Fast Process Corner)
  Requirement:            0.000ns  (ap_clk rise@0.000ns - ap_clk rise@0.000ns)
  Data Path Delay:        0.130ns  (logic 0.040ns (30.769%)  route 0.090ns (69.231%))
  Logic Levels:           0  
  Clock Path Skew:        0.006ns (DCD - SCD - CPR)
    Destination Clock Delay (DCD):    0.019ns
    Source Clock Delay      (SCD):    0.013ns
    Clock Pessimism Removal (CPR):    -0.000ns

    Location             Delay type                Incr(ns)  Path(ns)    Netlist Resource(s)
  -------------------------------------------------------------------    -------------------
                         (clock ap_clk rise edge)     0.000     0.000 r  
                                                      0.000     0.000 r  ap_clk (IN)
                         net (fo=224, unset)          0.013     0.013    bd_0_i/hls_inst/U0/ap_clk
    SLICE_X58Y105        FDRE                                         r  bd_0_i/hls_inst/U0/i_reg_101_reg[1]/C
  -------------------------------------------------------------------    -------------------
    SLICE_X58Y105        FDRE (Prop_EFF2_SLICEL_C_Q)
                                                      0.040     0.053 r  bd_0_i/hls_inst/U0/i_reg_101_reg[1]/Q
                         net (fo=7, routed)           0.090     0.143    bd_0_i/hls_inst/U0/i_reg_101_reg[1]
    SLICE_X58Y104        FDRE                                         r  bd_0_i/hls_inst/U0/i_0_reg_67_reg[1]/D
  -------------------------------------------------------------------    -------------------

                         (clock ap_clk rise edge)     0.000     0.000 r  
                                                      0.000     0.000 r  ap_clk (IN)
                         net (fo=224, unset)          0.019     0.019    bd_0_i/hls_inst/U0/ap_clk
    SLICE_X58Y104        FDRE                                         r  bd_0_i/hls_inst/U0/i_0_reg_67_reg[1]/C
                         clock pessimism              0.000     0.019    
    SLICE_X58Y104        FDRE (Hold_EFF2_SLICEL_C_D)
                                                      0.047     0.066    bd_0_i/hls_inst/U0/i_0_reg_67_reg[1]
  -------------------------------------------------------------------
                         required time                         -0.066    
                         arrival time                           0.143    
  -------------------------------------------------------------------
                         slack                                  0.077    

Slack (MET) :             0.079ns  (arrival time - required time)
  Source:                 bd_0_i/hls_inst/U0/a_0_payload_A_reg[4]/C
                            (rising edge-triggered cell FDRE clocked by ap_clk  {rise@0.000ns fall@1.500ns period=3.000ns})
  Destination:            bd_0_i/hls_inst/U0/c_1_payload_B_reg[4]/D
                            (rising edge-triggered cell FDRE clocked by ap_clk  {rise@0.000ns fall@1.500ns period=3.000ns})
  Path Group:             ap_clk
  Path Type:              Hold (Min at Fast Process Corner)
  Requirement:            0.000ns  (ap_clk rise@0.000ns - ap_clk rise@0.000ns)
  Data Path Delay:        0.133ns  (logic 0.070ns (52.632%)  route 0.063ns (47.368%))
  Logic Levels:           2  (CARRY8=1 LUT6=1)
  Clock Path Skew:        0.007ns (DCD - SCD - CPR)
    Destination Clock Delay (DCD):    0.019ns
    Source Clock Delay      (SCD):    0.012ns
    Clock Pessimism Removal (CPR):    -0.000ns

    Location             Delay type                Incr(ns)  Path(ns)    Netlist Resource(s)
  -------------------------------------------------------------------    -------------------
                         (clock ap_clk rise edge)     0.000     0.000 r  
                                                      0.000     0.000 r  ap_clk (IN)
                         net (fo=224, unset)          0.012     0.012    bd_0_i/hls_inst/U0/ap_clk
    SLICE_X60Y112        FDRE                                         r  bd_0_i/hls_inst/U0/a_0_payload_A_reg[4]/C
  -------------------------------------------------------------------    -------------------
    SLICE_X60Y112        FDRE (Prop_AFF_SLICEL_C_Q)
                                                      0.039     0.051 r  bd_0_i/hls_inst/U0/a_0_payload_A_reg[4]/Q
                         net (fo=2, routed)           0.049     0.100    bd_0_i/hls_inst/U0/a_0_payload_A[4]
    SLICE_X59Y112        LUT6 (Prop_E6LUT_SLICEL_I1_O)
                                                      0.014     0.114 r  bd_0_i/hls_inst/U0/c_1_payload_A[7]_i_13/O
                         net (fo=1, routed)           0.007     0.121    bd_0_i/hls_inst/U0/c_1_payload_A[7]_i_13_n_1
    SLICE_X59Y112        CARRY8 (Prop_CARRY8_SLICEL_S[4]_O[4])
                                                      0.017     0.138 r  bd_0_i/hls_inst/U0/c_1_payload_A_reg[7]_i_1/O[4]
                         net (fo=2, routed)           0.007     0.145    bd_0_i/hls_inst/U0/add_ln12_fu_90_p2[4]
    SLICE_X59Y112        FDRE                                         r  bd_0_i/hls_inst/U0/c_1_payload_B_reg[4]/D
  -------------------------------------------------------------------    -------------------

                         (clock ap_clk rise edge)     0.000     0.000 r  
                                                      0.000     0.000 r  ap_clk (IN)
                         net (fo=224, unset)          0.019     0.019    bd_0_i/hls_inst/U0/ap_clk
    SLICE_X59Y112        FDRE                                         r  bd_0_i/hls_inst/U0/c_1_payload_B_reg[4]/C
                         clock pessimism              0.000     0.019    
    SLICE_X59Y112        FDRE (Hold_EFF2_SLICEL_C_D)
                                                      0.047     0.066    bd_0_i/hls_inst/U0/c_1_payload_B_reg[4]
  -------------------------------------------------------------------
                         required time                         -0.066    
                         arrival time                           0.145    
  -------------------------------------------------------------------
                         slack                                  0.079    





Pulse Width Checks
--------------------------------------------------------------------------------------
Clock Name:         ap_clk
Waveform(ns):       { 0.000 1.500 }
Period(ns):         3.000
Sources:            { ap_clk }

Check Type        Corner  Lib Pin  Reference Pin  Required(ns)  Actual(ns)  Slack(ns)  Location       Pin
Min Period        n/a     FDRE/C   n/a            0.550         3.000       2.450      SLICE_X59Y111  bd_0_i/hls_inst/U0/a_0_payload_A_reg[0]/C
Min Period        n/a     FDRE/C   n/a            0.550         3.000       2.450      SLICE_X59Y111  bd_0_i/hls_inst/U0/a_0_payload_A_reg[10]/C
Min Period        n/a     FDRE/C   n/a            0.550         3.000       2.450      SLICE_X60Y112  bd_0_i/hls_inst/U0/a_0_payload_A_reg[11]/C
Min Period        n/a     FDRE/C   n/a            0.550         3.000       2.450      SLICE_X60Y112  bd_0_i/hls_inst/U0/a_0_payload_A_reg[12]/C
Min Period        n/a     FDRE/C   n/a            0.550         3.000       2.450      SLICE_X59Y111  bd_0_i/hls_inst/U0/a_0_payload_A_reg[13]/C
Min Period        n/a     FDRE/C   n/a            0.550         3.000       2.450      SLICE_X59Y111  bd_0_i/hls_inst/U0/a_0_payload_A_reg[14]/C
Min Period        n/a     FDRE/C   n/a            0.550         3.000       2.450      SLICE_X60Y112  bd_0_i/hls_inst/U0/a_0_payload_A_reg[15]/C
Min Period        n/a     FDRE/C   n/a            0.550         3.000       2.450      SLICE_X59Y116  bd_0_i/hls_inst/U0/a_0_payload_A_reg[16]/C
Min Period        n/a     FDRE/C   n/a            0.550         3.000       2.450      SLICE_X60Y114  bd_0_i/hls_inst/U0/a_0_payload_A_reg[17]/C
Min Period        n/a     FDRE/C   n/a            0.550         3.000       2.450      SLICE_X60Y114  bd_0_i/hls_inst/U0/a_0_payload_A_reg[18]/C
Low Pulse Width   Fast    FDRE/C   n/a            0.275         1.500       1.225      SLICE_X59Y111  bd_0_i/hls_inst/U0/a_0_payload_A_reg[0]/C
Low Pulse Width   Fast    FDRE/C   n/a            0.275         1.500       1.225      SLICE_X59Y111  bd_0_i/hls_inst/U0/a_0_payload_A_reg[10]/C
Low Pulse Width   Fast    FDRE/C   n/a            0.275         1.500       1.225      SLICE_X60Y112  bd_0_i/hls_inst/U0/a_0_payload_A_reg[11]/C
Low Pulse Width   Fast    FDRE/C   n/a            0.275         1.500       1.225      SLICE_X60Y112  bd_0_i/hls_inst/U0/a_0_payload_A_reg[12]/C
Low Pulse Width   Fast    FDRE/C   n/a            0.275         1.500       1.225      SLICE_X60Y112  bd_0_i/hls_inst/U0/a_0_payload_A_reg[15]/C
Low Pulse Width   Fast    FDRE/C   n/a            0.275         1.500       1.225      SLICE_X59Y116  bd_0_i/hls_inst/U0/a_0_payload_A_reg[16]/C
Low Pulse Width   Fast    FDRE/C   n/a            0.275         1.500       1.225      SLICE_X60Y114  bd_0_i/hls_inst/U0/a_0_payload_A_reg[19]/C
Low Pulse Width   Fast    FDRE/C   n/a            0.275         1.500       1.225      SLICE_X60Y114  bd_0_i/hls_inst/U0/a_0_payload_A_reg[20]/C
Low Pulse Width   Fast    FDRE/C   n/a            0.275         1.500       1.225      SLICE_X60Y114  bd_0_i/hls_inst/U0/a_0_payload_A_reg[22]/C
Low Pulse Width   Fast    FDRE/C   n/a            0.275         1.500       1.225      SLICE_X60Y114  bd_0_i/hls_inst/U0/a_0_payload_A_reg[23]/C
High Pulse Width  Slow    FDRE/C   n/a            0.275         1.500       1.225      SLICE_X59Y111  bd_0_i/hls_inst/U0/a_0_payload_A_reg[0]/C
High Pulse Width  Fast    FDRE/C   n/a            0.275         1.500       1.225      SLICE_X59Y111  bd_0_i/hls_inst/U0/a_0_payload_A_reg[0]/C
High Pulse Width  Slow    FDRE/C   n/a            0.275         1.500       1.225      SLICE_X59Y111  bd_0_i/hls_inst/U0/a_0_payload_A_reg[10]/C
High Pulse Width  Fast    FDRE/C   n/a            0.275         1.500       1.225      SLICE_X59Y111  bd_0_i/hls_inst/U0/a_0_payload_A_reg[10]/C
High Pulse Width  Slow    FDRE/C   n/a            0.275         1.500       1.225      SLICE_X60Y112  bd_0_i/hls_inst/U0/a_0_payload_A_reg[11]/C
High Pulse Width  Fast    FDRE/C   n/a            0.275         1.500       1.225      SLICE_X60Y112  bd_0_i/hls_inst/U0/a_0_payload_A_reg[11]/C
High Pulse Width  Slow    FDRE/C   n/a            0.275         1.500       1.225      SLICE_X60Y112  bd_0_i/hls_inst/U0/a_0_payload_A_reg[12]/C
High Pulse Width  Fast    FDRE/C   n/a            0.275         1.500       1.225      SLICE_X60Y112  bd_0_i/hls_inst/U0/a_0_payload_A_reg[12]/C
High Pulse Width  Slow    FDRE/C   n/a            0.275         1.500       1.225      SLICE_X59Y111  bd_0_i/hls_inst/U0/a_0_payload_A_reg[13]/C
High Pulse Width  Fast    FDRE/C   n/a            0.275         1.500       1.225      SLICE_X59Y111  bd_0_i/hls_inst/U0/a_0_payload_A_reg[13]/C



