

================================================================
== Vivado HLS Report for 'adder'
================================================================
* Date:           Mon Sep 28 20:30:30 2020

* Version:        2019.1 (Build 2552052 on Fri May 24 15:28:33 MDT 2019)
* Project:        adder
* Solution:       solution1
* Product family: zynquplus
* Target device:  xczu7ev-ffvc1156-2-e


================================================================
== Performance Estimates
================================================================
+ Timing (ns): 
    * Summary: 
    +--------+-------+----------+------------+
    |  Clock | Target| Estimated| Uncertainty|
    +--------+-------+----------+------------+
    |ap_clk  |   3.00|     1.016|        0.38|
    +--------+-------+----------+------------+

+ Latency (clock cycles): 
    * Summary: 
    +-----+-----+-----+-----+---------+
    |  Latency  |  Interval | Pipeline|
    | min | max | min | max |   Type  |
    +-----+-----+-----+-----+---------+
    |  130|  130|  130|  130|   none  |
    +-----+-----+-----+-----+---------+

    + Detail: 
        * Instance: 
        N/A

        * Loop: 
        +----------+-----+-----+----------+-----------+-----------+------+----------+
        |          |  Latency  | Iteration|  Initiation Interval  | Trip |          |
        | Loop Name| min | max |  Latency |  achieved |   target  | Count| Pipelined|
        +----------+-----+-----+----------+-----------+-----------+------+----------+
        |- Loop 1  |  128|  128|         3|          2|          2|    64|    yes   |
        +----------+-----+-----+----------+-----------+-----------+------+----------+



================================================================
== Utilization Estimates
================================================================
* Summary: 
+-----------------+---------+-------+--------+--------+-----+
|       Name      | BRAM_18K| DSP48E|   FF   |   LUT  | URAM|
+-----------------+---------+-------+--------+--------+-----+
|DSP              |        -|      -|       -|       -|    -|
|Expression       |        -|      -|       0|     115|    -|
|FIFO             |        -|      -|       -|       -|    -|
|Instance         |        -|      -|       -|       -|    -|
|Memory           |        -|      -|       -|       -|    -|
|Multiplexer      |        -|      -|       -|     153|    -|
|Register         |        -|      -|     225|       -|    -|
+-----------------+---------+-------+--------+--------+-----+
|Total            |        0|      0|     225|     268|    0|
+-----------------+---------+-------+--------+--------+-----+
|Available        |      624|   1728|  460800|  230400|   96|
+-----------------+---------+-------+--------+--------+-----+
|Utilization (%)  |        0|      0|   ~0   |   ~0   |    0|
+-----------------+---------+-------+--------+--------+-----+

+ Detail: 
    * Instance: 
    N/A

    * DSP48E: 
    N/A

    * Memory: 
    N/A

    * FIFO: 
    N/A

    * Expression: 
    +----------------------------------+----------+-------+---+----+------------+------------+
    |           Variable Name          | Operation| DSP48E| FF| LUT| Bitwidth P0| Bitwidth P1|
    +----------------------------------+----------+-------+---+----+------------+------------+
    |add_ln12_fu_90_p2                 |     +    |      0|  0|  39|          32|          32|
    |i_fu_84_p2                        |     +    |      0|  0|  15|           7|           1|
    |a_0_load_A                        |    and   |      0|  0|   2|           1|           1|
    |a_0_load_B                        |    and   |      0|  0|   2|           1|           1|
    |ap_block_pp0_stage0_11001         |    and   |      0|  0|   2|           1|           1|
    |ap_block_pp0_stage1_01001         |    and   |      0|  0|   2|           1|           1|
    |ap_block_pp0_stage1_11001         |    and   |      0|  0|   2|           1|           1|
    |ap_block_state3_io                |    and   |      0|  0|   2|           1|           1|
    |b_0_load_A                        |    and   |      0|  0|   2|           1|           1|
    |b_0_load_B                        |    and   |      0|  0|   2|           1|           1|
    |c_1_load_A                        |    and   |      0|  0|   2|           1|           1|
    |c_1_load_B                        |    and   |      0|  0|   2|           1|           1|
    |a_0_state_cmp_full                |   icmp   |      0|  0|   8|           2|           1|
    |b_0_state_cmp_full                |   icmp   |      0|  0|   8|           2|           1|
    |c_1_state_cmp_full                |   icmp   |      0|  0|   8|           2|           1|
    |icmp_ln10_fu_78_p2                |   icmp   |      0|  0|  11|           7|           8|
    |ap_block_state3_pp0_stage1_iter0  |    or    |      0|  0|   2|           1|           1|
    |ap_block_state5                   |    or    |      0|  0|   2|           1|           1|
    |ap_enable_pp0                     |    xor   |      0|  0|   2|           1|           2|
    +----------------------------------+----------+-------+---+----+------------+------------+
    |Total                             |          |      0|  0| 115|          65|          58|
    +----------------------------------+----------+-------+---+----+------------+------------+

    * Multiplexer: 
    +-----------------------------+----+-----------+-----+-----------+
    |             Name            | LUT| Input Size| Bits| Total Bits|
    +-----------------------------+----+-----------+-----+-----------+
    |a_0_data_out                 |   9|          2|   32|         64|
    |a_0_state                    |  15|          3|    2|          6|
    |a_TDATA_blk_n                |   9|          2|    1|          2|
    |ap_NS_fsm                    |  27|          5|    1|          5|
    |ap_enable_reg_pp0_iter1      |   9|          2|    1|          2|
    |ap_phi_mux_i_0_phi_fu_71_p4  |   9|          2|    7|         14|
    |b_0_data_out                 |   9|          2|   32|         64|
    |b_0_state                    |  15|          3|    2|          6|
    |b_TDATA_blk_n                |   9|          2|    1|          2|
    |c_1_data_out                 |   9|          2|   32|         64|
    |c_1_state                    |  15|          3|    2|          6|
    |c_TDATA_blk_n                |   9|          2|    1|          2|
    |i_0_reg_67                   |   9|          2|    7|         14|
    +-----------------------------+----+-----------+-----+-----------+
    |Total                        | 153|         32|  121|        251|
    +-----------------------------+----+-----------+-----+-----------+

    * Register: 
    +-------------------------+----+----+-----+-----------+
    |           Name          | FF | LUT| Bits| Const Bits|
    +-------------------------+----+----+-----+-----------+
    |a_0_payload_A            |  32|   0|   32|          0|
    |a_0_payload_B            |  32|   0|   32|          0|
    |a_0_sel_rd               |   1|   0|    1|          0|
    |a_0_sel_wr               |   1|   0|    1|          0|
    |a_0_state                |   2|   0|    2|          0|
    |ap_CS_fsm                |   4|   0|    4|          0|
    |ap_enable_reg_pp0_iter0  |   1|   0|    1|          0|
    |ap_enable_reg_pp0_iter1  |   1|   0|    1|          0|
    |b_0_payload_A            |  32|   0|   32|          0|
    |b_0_payload_B            |  32|   0|   32|          0|
    |b_0_sel_rd               |   1|   0|    1|          0|
    |b_0_sel_wr               |   1|   0|    1|          0|
    |b_0_state                |   2|   0|    2|          0|
    |c_1_payload_A            |  32|   0|   32|          0|
    |c_1_payload_B            |  32|   0|   32|          0|
    |c_1_sel_rd               |   1|   0|    1|          0|
    |c_1_sel_wr               |   1|   0|    1|          0|
    |c_1_state                |   2|   0|    2|          0|
    |i_0_reg_67               |   7|   0|    7|          0|
    |i_reg_101                |   7|   0|    7|          0|
    |icmp_ln10_reg_97         |   1|   0|    1|          0|
    +-------------------------+----+----+-----+-----------+
    |Total                    | 225|   0|  225|          0|
    +-------------------------+----+----+-----+-----------+



================================================================
== Interface
================================================================
* Summary: 
+----------+-----+-----+------------+--------------+--------------+
| RTL Ports| Dir | Bits|  Protocol  | Source Object|    C Type    |
+----------+-----+-----+------------+--------------+--------------+
|ap_clk    |  in |    1| ap_ctrl_hs |     adder    | return value |
|ap_rst_n  |  in |    1| ap_ctrl_hs |     adder    | return value |
|ap_start  |  in |    1| ap_ctrl_hs |     adder    | return value |
|ap_done   | out |    1| ap_ctrl_hs |     adder    | return value |
|ap_idle   | out |    1| ap_ctrl_hs |     adder    | return value |
|ap_ready  | out |    1| ap_ctrl_hs |     adder    | return value |
|a_TDATA   |  in |   32|    axis    |       a      |    pointer   |
|a_TVALID  |  in |    1|    axis    |       a      |    pointer   |
|a_TREADY  | out |    1|    axis    |       a      |    pointer   |
|b_TDATA   |  in |   32|    axis    |       b      |    pointer   |
|b_TVALID  |  in |    1|    axis    |       b      |    pointer   |
|b_TREADY  | out |    1|    axis    |       b      |    pointer   |
|c_TDATA   | out |   32|    axis    |       c      |    pointer   |
|c_TVALID  | out |    1|    axis    |       c      |    pointer   |
|c_TREADY  |  in |    1|    axis    |       c      |    pointer   |
+----------+-----+-----+------------+--------------+--------------+

============================================================
+ Verbose Summary: Synthesis Manager
============================================================
InlineROM: 1
ExposeGlobal: 0
============================================================
+ Verbose Summary: CDFG Model
============================================================
IsTopModel: 1
ResetActiveHigh: 1
IsCombinational: 2
IsDatapathOnly: 2
HasWiredReturn: 1
HasMFsm: 0
HasVarLatency: 1
IsPipeline: 0
IsRtlPipelined: 0
IsInstanceOverlapped: 0
IsDontTouch: 0
HasImplIP: 0
IsGatedGlobalClock: 0

+ Individual pipeline summary: 
  * Pipeline-0: initiation interval (II) = 2, depth = 3


============================================================
+ Verbose Summary: Schedule
============================================================
* Number of FSM states : 5
* Pipeline : 1
  Pipeline-0 : II = 2, D = 3, States = { 2 3 4 }
* Dataflow Pipeline: 0

* FSM state transitions: 
1 --> 2 
2 --> 5 3 
3 --> 4 
4 --> 2 
5 --> 

* FSM state operations: 

State 1 <SV = 0> <Delay = 0.65>
ST_1 : Operation 6 [1/1] (0.00ns)   --->   "call void (...)* @_ssdm_op_SpecBitsMap(i32* %a) nounwind, !map !7"   --->   Operation 6 'specbitsmap' <Predicate = true> <Delay = 0.00>
ST_1 : Operation 7 [1/1] (0.00ns)   --->   "call void (...)* @_ssdm_op_SpecBitsMap(i32* %b) nounwind, !map !13"   --->   Operation 7 'specbitsmap' <Predicate = true> <Delay = 0.00>
ST_1 : Operation 8 [1/1] (0.00ns)   --->   "call void (...)* @_ssdm_op_SpecBitsMap(i32* %c) nounwind, !map !17"   --->   Operation 8 'specbitsmap' <Predicate = true> <Delay = 0.00>
ST_1 : Operation 9 [1/1] (0.00ns)   --->   "call void (...)* @_ssdm_op_SpecTopModule([6 x i8]* @adder_str) nounwind"   --->   Operation 9 'spectopmodule' <Predicate = true> <Delay = 0.00>
ST_1 : Operation 10 [1/1] (0.00ns)   --->   "call void (...)* @_ssdm_op_SpecInterface(i32* %a, [5 x i8]* @p_str, i32 1, i32 1, [5 x i8]* @p_str1, i32 0, i32 0, [1 x i8]* @p_str2, [1 x i8]* @p_str2, [1 x i8]* @p_str2, i32 0, i32 0, i32 0, i32 0, [1 x i8]* @p_str2, [1 x i8]* @p_str2)" [adder/adder.cpp:7]   --->   Operation 10 'specinterface' <Predicate = true> <Delay = 0.00>
ST_1 : Operation 11 [1/1] (0.00ns)   --->   "call void (...)* @_ssdm_op_SpecInterface(i32* %b, [5 x i8]* @p_str, i32 1, i32 1, [5 x i8]* @p_str1, i32 0, i32 0, [1 x i8]* @p_str2, [1 x i8]* @p_str2, [1 x i8]* @p_str2, i32 0, i32 0, i32 0, i32 0, [1 x i8]* @p_str2, [1 x i8]* @p_str2)" [adder/adder.cpp:8]   --->   Operation 11 'specinterface' <Predicate = true> <Delay = 0.00>
ST_1 : Operation 12 [1/1] (0.00ns)   --->   "call void (...)* @_ssdm_op_SpecInterface(i32* %c, [5 x i8]* @p_str, i32 1, i32 1, [5 x i8]* @p_str1, i32 0, i32 0, [1 x i8]* @p_str2, [1 x i8]* @p_str2, [1 x i8]* @p_str2, i32 0, i32 0, i32 0, i32 0, [1 x i8]* @p_str2, [1 x i8]* @p_str2)" [adder/adder.cpp:9]   --->   Operation 12 'specinterface' <Predicate = true> <Delay = 0.00>
ST_1 : Operation 13 [1/1] (0.65ns)   --->   "br label %1" [adder/adder.cpp:10]   --->   Operation 13 'br' <Predicate = true> <Delay = 0.65>

State 2 <SV = 1> <Delay = 0.81>
ST_2 : Operation 14 [1/1] (0.00ns)   --->   "%i_0 = phi i7 [ 0, %0 ], [ %i, %hls_label_0 ]"   --->   Operation 14 'phi' 'i_0' <Predicate = true> <Delay = 0.00>
ST_2 : Operation 15 [1/1] (0.81ns)   --->   "%icmp_ln10 = icmp eq i7 %i_0, -64" [adder/adder.cpp:10]   --->   Operation 15 'icmp' 'icmp_ln10' <Predicate = true> <Delay = 0.81> <Core = "Cmp">   --->   Core 25 'Cmp' <Latency = 0> <II = 1> <Delay = 0.84> <FuncUnit> <Opcode : 'icmp'> <InPorts = 2> <OutPorts = 1>
ST_2 : Operation 16 [1/1] (0.00ns)   --->   "%empty = call i32 (...)* @_ssdm_op_SpecLoopTripCount(i64 64, i64 64, i64 64) nounwind"   --->   Operation 16 'speclooptripcount' 'empty' <Predicate = true> <Delay = 0.00>
ST_2 : Operation 17 [1/1] (0.77ns)   --->   "%i = add i7 %i_0, 1" [adder/adder.cpp:10]   --->   Operation 17 'add' 'i' <Predicate = true> <Delay = 0.77> <Core = "AddSub">   --->   Core 14 'AddSub' <Latency = 0> <II = 1> <Delay = 0.77> <FuncUnit> <Opcode : 'add' 'sub'> <InPorts = 2> <OutPorts = 1>
ST_2 : Operation 18 [1/1] (0.00ns)   --->   "br i1 %icmp_ln10, label %2, label %hls_label_0" [adder/adder.cpp:10]   --->   Operation 18 'br' <Predicate = true> <Delay = 0.00>

State 3 <SV = 2> <Delay = 1.01>
ST_3 : Operation 19 [1/1] (0.00ns)   --->   "%a_read = call i32 @_ssdm_op_Read.axis.volatile.i32P(i32* %a) nounwind" [adder/adder.cpp:12]   --->   Operation 19 'read' 'a_read' <Predicate = (!icmp_ln10)> <Delay = 0.00> <Core = "AXI4Stream">   --->   Core 5 'AXI4Stream' <Latency = 0> <II = 1> <Delay = 1.00> <Adapter> <Opcode : >
ST_3 : Operation 20 [1/1] (0.00ns)   --->   "%b_read = call i32 @_ssdm_op_Read.axis.volatile.i32P(i32* %b) nounwind" [adder/adder.cpp:12]   --->   Operation 20 'read' 'b_read' <Predicate = (!icmp_ln10)> <Delay = 0.00> <Core = "AXI4Stream">   --->   Core 5 'AXI4Stream' <Latency = 0> <II = 1> <Delay = 1.00> <Adapter> <Opcode : >
ST_3 : Operation 21 [1/1] (1.01ns)   --->   "%add_ln12 = add i32 %a_read, %b_read" [adder/adder.cpp:12]   --->   Operation 21 'add' 'add_ln12' <Predicate = (!icmp_ln10)> <Delay = 1.01> <Core = "AddSub">   --->   Core 14 'AddSub' <Latency = 0> <II = 1> <Delay = 0.77> <FuncUnit> <Opcode : 'add' 'sub'> <InPorts = 2> <OutPorts = 1>
ST_3 : Operation 22 [2/2] (0.00ns)   --->   "call void @_ssdm_op_Write.axis.volatile.i32P(i32* %c, i32 %add_ln12) nounwind" [adder/adder.cpp:12]   --->   Operation 22 'write' <Predicate = (!icmp_ln10)> <Delay = 0.00> <Core = "AXI4Stream">   --->   Core 5 'AXI4Stream' <Latency = 0> <II = 1> <Delay = 1.00> <Adapter> <Opcode : >

State 4 <SV = 3> <Delay = 0.00>
ST_4 : Operation 23 [1/1] (0.00ns)   --->   "%tmp = call i32 (...)* @_ssdm_op_SpecRegionBegin([12 x i8]* @p_str3) nounwind" [adder/adder.cpp:10]   --->   Operation 23 'specregionbegin' 'tmp' <Predicate = (!icmp_ln10)> <Delay = 0.00>
ST_4 : Operation 24 [1/1] (0.00ns)   --->   "call void (...)* @_ssdm_op_SpecPipeline(i32 2, i32 1, i32 1, i32 0, [1 x i8]* @p_str2) nounwind" [adder/adder.cpp:11]   --->   Operation 24 'specpipeline' <Predicate = (!icmp_ln10)> <Delay = 0.00>
ST_4 : Operation 25 [1/2] (0.00ns)   --->   "call void @_ssdm_op_Write.axis.volatile.i32P(i32* %c, i32 %add_ln12) nounwind" [adder/adder.cpp:12]   --->   Operation 25 'write' <Predicate = (!icmp_ln10)> <Delay = 0.00> <Core = "AXI4Stream">   --->   Core 5 'AXI4Stream' <Latency = 0> <II = 1> <Delay = 1.00> <Adapter> <Opcode : >
ST_4 : Operation 26 [1/1] (0.00ns)   --->   "%empty_2 = call i32 (...)* @_ssdm_op_SpecRegionEnd([12 x i8]* @p_str3, i32 %tmp) nounwind" [adder/adder.cpp:13]   --->   Operation 26 'specregionend' 'empty_2' <Predicate = (!icmp_ln10)> <Delay = 0.00>
ST_4 : Operation 27 [1/1] (0.00ns)   --->   "br label %1" [adder/adder.cpp:10]   --->   Operation 27 'br' <Predicate = (!icmp_ln10)> <Delay = 0.00>

State 5 <SV = 2> <Delay = 0.00>
ST_5 : Operation 28 [1/1] (0.00ns)   --->   "ret void" [adder/adder.cpp:14]   --->   Operation 28 'ret' <Predicate = true> <Delay = 0.00>


============================================================
+ Verbose Summary: Binding
============================================================
STG Binding: 
---------------- STG Properties BEGIN ----------------
- Is combinational: 0
- Is one-state seq: 0
- Is datapath-only: 0
- Is pipelined: 0
- Is top level: 1
Port [ Return ] is wired: 1; IO mode=ap_ctrl_hs:ce=0
Port [ a]:  wired=1; compound=1; hidden=0; nouse=0; global=0; static=0; extern=0; dir=0; type=0; pingpong=0; private_global=0; IO mode=axis:ce=0
Port [ b]:  wired=1; compound=1; hidden=0; nouse=0; global=0; static=0; extern=0; dir=0; type=0; pingpong=0; private_global=0; IO mode=axis:ce=0
Port [ c]:  wired=1; compound=1; hidden=0; nouse=0; global=0; static=0; extern=0; dir=1; type=0; pingpong=0; private_global=0; IO mode=axis:ce=0
---------------- STG Properties END ------------------

---------------- Datapath Model BEGIN ----------------

<LifeTime>
<method=bitvector/>
specbitsmap_ln0   (specbitsmap      ) [ 000000]
specbitsmap_ln0   (specbitsmap      ) [ 000000]
specbitsmap_ln0   (specbitsmap      ) [ 000000]
spectopmodule_ln0 (spectopmodule    ) [ 000000]
specinterface_ln7 (specinterface    ) [ 000000]
specinterface_ln8 (specinterface    ) [ 000000]
specinterface_ln9 (specinterface    ) [ 000000]
br_ln10           (br               ) [ 011110]
i_0               (phi              ) [ 001000]
icmp_ln10         (icmp             ) [ 001110]
empty             (speclooptripcount) [ 000000]
i                 (add              ) [ 011110]
br_ln10           (br               ) [ 000000]
a_read            (read             ) [ 000000]
b_read            (read             ) [ 000000]
add_ln12          (add              ) [ 001010]
tmp               (specregionbegin  ) [ 000000]
specpipeline_ln11 (specpipeline     ) [ 000000]
write_ln12        (write            ) [ 000000]
empty_2           (specregionend    ) [ 000000]
br_ln10           (br               ) [ 011110]
ret_ln14          (ret              ) [ 000000]
</LifeTime>

<model>

<comp_list>
<comp id="0" class="1000" name="a">
<pin_list>
<pin id="1" dir="1" index="0" bw="1" slack="0"/>
</pin_list>
<bind>
<StgValue><ssdm name="a"/></StgValue>
</bind>
</comp>

<comp id="2" class="1000" name="b">
<pin_list>
<pin id="3" dir="1" index="0" bw="1" slack="0"/>
</pin_list>
<bind>
<StgValue><ssdm name="b"/></StgValue>
</bind>
</comp>

<comp id="4" class="1000" name="c">
<pin_list>
<pin id="5" dir="1" index="0" bw="1" slack="0"/>
</pin_list>
<bind>
<StgValue><ssdm name="c"/></StgValue>
</bind>
</comp>

<comp id="6" class="1001" name="const_6">
<pin_list>
<pin id="7" dir="1" index="0" bw="1" slack="2147483647"/>
</pin_list>
<bind>
<StgValue><ssdm name="_ssdm_op_SpecBitsMap"/></StgValue>
</bind>
</comp>

<comp id="8" class="1001" name="const_8">
<pin_list>
<pin id="9" dir="1" index="0" bw="1" slack="2147483647"/>
</pin_list>
<bind>
<StgValue><ssdm name="_ssdm_op_SpecTopModule"/></StgValue>
</bind>
</comp>

<comp id="10" class="1001" name="const_10">
<pin_list>
<pin id="11" dir="1" index="0" bw="1" slack="2147483647"/>
</pin_list>
<bind>
<StgValue><ssdm name="adder_str"/></StgValue>
</bind>
</comp>

<comp id="12" class="1001" name="const_12">
<pin_list>
<pin id="13" dir="1" index="0" bw="1" slack="2147483647"/>
</pin_list>
<bind>
<StgValue><ssdm name="_ssdm_op_SpecInterface"/></StgValue>
</bind>
</comp>

<comp id="14" class="1001" name="const_14">
<pin_list>
<pin id="15" dir="1" index="0" bw="1" slack="2147483647"/>
</pin_list>
<bind>
<StgValue><ssdm name="p_str"/></StgValue>
</bind>
</comp>

<comp id="16" class="1001" name="const_16">
<pin_list>
<pin id="17" dir="1" index="0" bw="1" slack="2147483647"/>
</pin_list>
<bind>
<StgValue><ssdm name=""/></StgValue>
</bind>
</comp>

<comp id="18" class="1001" name="const_18">
<pin_list>
<pin id="19" dir="1" index="0" bw="1" slack="2147483647"/>
</pin_list>
<bind>
<StgValue><ssdm name="p_str1"/></StgValue>
</bind>
</comp>

<comp id="20" class="1001" name="const_20">
<pin_list>
<pin id="21" dir="1" index="0" bw="1" slack="2147483647"/>
</pin_list>
<bind>
<StgValue><ssdm name=""/></StgValue>
</bind>
</comp>

<comp id="22" class="1001" name="const_22">
<pin_list>
<pin id="23" dir="1" index="0" bw="1" slack="2147483647"/>
</pin_list>
<bind>
<StgValue><ssdm name="p_str2"/></StgValue>
</bind>
</comp>

<comp id="24" class="1001" name="const_24">
<pin_list>
<pin id="25" dir="1" index="0" bw="1" slack="1"/>
</pin_list>
<bind>
<StgValue><ssdm name=""/></StgValue>
</bind>
</comp>

<comp id="26" class="1001" name="const_26">
<pin_list>
<pin id="27" dir="1" index="0" bw="1" slack="0"/>
</pin_list>
<bind>
<StgValue><ssdm name=""/></StgValue>
</bind>
</comp>

<comp id="28" class="1001" name="const_28">
<pin_list>
<pin id="29" dir="1" index="0" bw="1" slack="2147483647"/>
</pin_list>
<bind>
<StgValue><ssdm name="_ssdm_op_SpecLoopTripCount"/></StgValue>
</bind>
</comp>

<comp id="30" class="1001" name="const_30">
<pin_list>
<pin id="31" dir="1" index="0" bw="1" slack="2147483647"/>
</pin_list>
<bind>
<StgValue><ssdm name=""/></StgValue>
</bind>
</comp>

<comp id="32" class="1001" name="const_32">
<pin_list>
<pin id="33" dir="1" index="0" bw="1" slack="0"/>
</pin_list>
<bind>
<StgValue><ssdm name=""/></StgValue>
</bind>
</comp>

<comp id="34" class="1001" name="const_34">
<pin_list>
<pin id="35" dir="1" index="0" bw="1" slack="0"/>
</pin_list>
<bind>
<StgValue><ssdm name="_ssdm_op_Read.axis.volatile.i32P"/></StgValue>
</bind>
</comp>

<comp id="36" class="1001" name="const_36">
<pin_list>
<pin id="37" dir="1" index="0" bw="1" slack="0"/>
</pin_list>
<bind>
<StgValue><ssdm name="_ssdm_op_Write.axis.volatile.i32P"/></StgValue>
</bind>
</comp>

<comp id="38" class="1001" name="const_38">
<pin_list>
<pin id="39" dir="1" index="0" bw="1" slack="2147483647"/>
</pin_list>
<bind>
<StgValue><ssdm name="_ssdm_op_SpecRegionBegin"/></StgValue>
</bind>
</comp>

<comp id="40" class="1001" name="const_40">
<pin_list>
<pin id="41" dir="1" index="0" bw="1" slack="2147483647"/>
</pin_list>
<bind>
<StgValue><ssdm name="p_str3"/></StgValue>
</bind>
</comp>

<comp id="42" class="1001" name="const_42">
<pin_list>
<pin id="43" dir="1" index="0" bw="1" slack="2147483647"/>
</pin_list>
<bind>
<StgValue><ssdm name="_ssdm_op_SpecPipeline"/></StgValue>
</bind>
</comp>

<comp id="44" class="1001" name="const_44">
<pin_list>
<pin id="45" dir="1" index="0" bw="1" slack="2147483647"/>
</pin_list>
<bind>
<StgValue><ssdm name=""/></StgValue>
</bind>
</comp>

<comp id="46" class="1001" name="const_46">
<pin_list>
<pin id="47" dir="1" index="0" bw="1" slack="2147483647"/>
</pin_list>
<bind>
<StgValue><ssdm name="_ssdm_op_SpecRegionEnd"/></StgValue>
</bind>
</comp>

<comp id="48" class="1004" name="a_read_read_fu_48">
<pin_list>
<pin id="49" dir="0" index="0" bw="32" slack="0"/>
<pin id="50" dir="0" index="1" bw="32" slack="0"/>
<pin id="51" dir="1" index="2" bw="32" slack="0"/>
</pin_list>
<bind>
<opcode="read(1150) " fcode="read"/>
<opset="a_read/3 "/>
</bind>
</comp>

<comp id="54" class="1004" name="b_read_read_fu_54">
<pin_list>
<pin id="55" dir="0" index="0" bw="32" slack="0"/>
<pin id="56" dir="0" index="1" bw="32" slack="0"/>
<pin id="57" dir="1" index="2" bw="32" slack="0"/>
</pin_list>
<bind>
<opcode="read(1150) " fcode="read"/>
<opset="b_read/3 "/>
</bind>
</comp>

<comp id="60" class="1004" name="grp_write_fu_60">
<pin_list>
<pin id="61" dir="0" index="0" bw="0" slack="0"/>
<pin id="62" dir="0" index="1" bw="32" slack="0"/>
<pin id="63" dir="0" index="2" bw="32" slack="0"/>
<pin id="64" dir="1" index="3" bw="0" slack="2147483647"/>
</pin_list>
<bind>
<opcode="write(1151) " fcode="write"/>
<opset="write_ln12/3 "/>
</bind>
</comp>

<comp id="67" class="1005" name="i_0_reg_67">
<pin_list>
<pin id="68" dir="0" index="0" bw="7" slack="1"/>
<pin id="69" dir="1" index="1" bw="7" slack="1"/>
</pin_list>
<bind>
<opset="i_0 (phireg) "/>
</bind>
</comp>

<comp id="71" class="1004" name="i_0_phi_fu_71">
<pin_list>
<pin id="72" dir="0" index="0" bw="1" slack="1"/>
<pin id="73" dir="0" index="1" bw="0" slack="2147483647"/>
<pin id="74" dir="0" index="2" bw="7" slack="0"/>
<pin id="75" dir="0" index="3" bw="0" slack="2147483647"/>
<pin id="76" dir="1" index="4" bw="7" slack="0"/>
</pin_list>
<bind>
<opcode="phi(47) " fcode="phi"/>
<opset="i_0/2 "/>
</bind>
</comp>

<comp id="78" class="1004" name="icmp_ln10_fu_78">
<pin_list>
<pin id="79" dir="0" index="0" bw="7" slack="0"/>
<pin id="80" dir="0" index="1" bw="7" slack="0"/>
<pin id="81" dir="1" index="2" bw="1" slack="1"/>
</pin_list>
<bind>
<opcode="icmp(45) " fcode="icmp"/>
<opset="icmp_ln10/2 "/>
</bind>
</comp>

<comp id="84" class="1004" name="i_fu_84">
<pin_list>
<pin id="85" dir="0" index="0" bw="7" slack="0"/>
<pin id="86" dir="0" index="1" bw="1" slack="0"/>
<pin id="87" dir="1" index="2" bw="7" slack="0"/>
</pin_list>
<bind>
<opcode="add(8) " fcode="add"/>
<opset="i/2 "/>
</bind>
</comp>

<comp id="90" class="1004" name="add_ln12_fu_90">
<pin_list>
<pin id="91" dir="0" index="0" bw="32" slack="0"/>
<pin id="92" dir="0" index="1" bw="32" slack="0"/>
<pin id="93" dir="1" index="2" bw="32" slack="0"/>
</pin_list>
<bind>
<opcode="add(8) " fcode="add"/>
<opset="add_ln12/3 "/>
</bind>
</comp>

<comp id="97" class="1005" name="icmp_ln10_reg_97">
<pin_list>
<pin id="98" dir="0" index="0" bw="1" slack="1"/>
<pin id="99" dir="1" index="1" bw="1" slack="2147483647"/>
</pin_list>
<bind>
<opset="icmp_ln10 "/>
</bind>
</comp>

<comp id="101" class="1005" name="i_reg_101">
<pin_list>
<pin id="102" dir="0" index="0" bw="7" slack="0"/>
<pin id="103" dir="1" index="1" bw="7" slack="0"/>
</pin_list>
<bind>
<opset="i "/>
</bind>
</comp>

<comp id="106" class="1005" name="add_ln12_reg_106">
<pin_list>
<pin id="107" dir="0" index="0" bw="32" slack="1"/>
<pin id="108" dir="1" index="1" bw="32" slack="1"/>
</pin_list>
<bind>
<opset="add_ln12 "/>
</bind>
</comp>

</comp_list>

<net_list>
<net id="52"><net_src comp="34" pin="0"/><net_sink comp="48" pin=0"/></net>

<net id="53"><net_src comp="0" pin="0"/><net_sink comp="48" pin=1"/></net>

<net id="58"><net_src comp="34" pin="0"/><net_sink comp="54" pin=0"/></net>

<net id="59"><net_src comp="2" pin="0"/><net_sink comp="54" pin=1"/></net>

<net id="65"><net_src comp="36" pin="0"/><net_sink comp="60" pin=0"/></net>

<net id="66"><net_src comp="4" pin="0"/><net_sink comp="60" pin=1"/></net>

<net id="70"><net_src comp="24" pin="0"/><net_sink comp="67" pin=0"/></net>

<net id="77"><net_src comp="67" pin="1"/><net_sink comp="71" pin=0"/></net>

<net id="82"><net_src comp="71" pin="4"/><net_sink comp="78" pin=0"/></net>

<net id="83"><net_src comp="26" pin="0"/><net_sink comp="78" pin=1"/></net>

<net id="88"><net_src comp="71" pin="4"/><net_sink comp="84" pin=0"/></net>

<net id="89"><net_src comp="32" pin="0"/><net_sink comp="84" pin=1"/></net>

<net id="94"><net_src comp="48" pin="2"/><net_sink comp="90" pin=0"/></net>

<net id="95"><net_src comp="54" pin="2"/><net_sink comp="90" pin=1"/></net>

<net id="96"><net_src comp="90" pin="2"/><net_sink comp="60" pin=2"/></net>

<net id="100"><net_src comp="78" pin="2"/><net_sink comp="97" pin=0"/></net>

<net id="104"><net_src comp="84" pin="2"/><net_sink comp="101" pin=0"/></net>

<net id="105"><net_src comp="101" pin="1"/><net_sink comp="71" pin=2"/></net>

<net id="109"><net_src comp="90" pin="2"/><net_sink comp="106" pin=0"/></net>

<net id="110"><net_src comp="106" pin="1"/><net_sink comp="60" pin=2"/></net>

</net_list>

</model> 
---------------- Datapath Model END ------------------

* FSMD analyzer results:
  - Output states:
	Port: c | {4 }
 - Input state : 
	Port: adder : a | {3 }
	Port: adder : b | {3 }
  - Chain level:
	State 1
	State 2
		icmp_ln10 : 1
		i : 1
		br_ln10 : 2
	State 3
		write_ln12 : 1
	State 4
		empty_2 : 1
	State 5


============================================================
+ Verbose Summary: Datapath Resource usage 
============================================================

* Functional unit list:
|----------|-------------------|---------|---------|
| Operation|  Functional Unit  |    FF   |   LUT   |
|----------|-------------------|---------|---------|
|    add   |      i_fu_84      |    0    |    15   |
|          |   add_ln12_fu_90  |    0    |    39   |
|----------|-------------------|---------|---------|
|   icmp   |  icmp_ln10_fu_78  |    0    |    11   |
|----------|-------------------|---------|---------|
|   read   | a_read_read_fu_48 |    0    |    0    |
|          | b_read_read_fu_54 |    0    |    0    |
|----------|-------------------|---------|---------|
|   write  |  grp_write_fu_60  |    0    |    0    |
|----------|-------------------|---------|---------|
|   Total  |                   |    0    |    65   |
|----------|-------------------|---------|---------|

Memories:
N/A

* Register list:
+----------------+--------+
|                |   FF   |
+----------------+--------+
|add_ln12_reg_106|   32   |
|   i_0_reg_67   |    7   |
|    i_reg_101   |    7   |
|icmp_ln10_reg_97|    1   |
+----------------+--------+
|      Total     |   47   |
+----------------+--------+

* Multiplexer (MUX) list: 
|-----------------|------|------|------|--------||---------||---------|
|       Comp      |  Pin | Size |  BW  | S x BW ||  Delay  ||   LUT   |
|-----------------|------|------|------|--------||---------||---------|
| grp_write_fu_60 |  p2  |   2  |  32  |   64   ||    9    |
|-----------------|------|------|------|--------||---------||---------|
|      Total      |      |      |      |   64   ||  0.656  ||    9    |
|-----------------|------|------|------|--------||---------||---------|



* Summary:
+-----------+--------+--------+--------+
|           |  Delay |   FF   |   LUT  |
+-----------+--------+--------+--------+
|  Function |    -   |    0   |   65   |
|   Memory  |    -   |    -   |    -   |
|Multiplexer|    0   |    -   |    9   |
|  Register |    -   |   47   |    -   |
+-----------+--------+--------+--------+
|   Total   |    0   |   47   |   74   |
+-----------+--------+--------+--------+
