#-----------------------------------------------------------
# Webtalk v2019.1 (64-bit)
# SW Build 2552052 on Fri May 24 14:47:09 MDT 2019
# 
# Start of session at: Mon Sep 28 23:47:51 2020
# Process ID: 6422
# Current directory: /home/udrc/mpsoc/mpsoc.sdk/webtalk
# Command line: wbtcv -mode batch -source sdk_webtalk.tcl
# Log file: /home/udrc/mpsoc/mpsoc.sdk/webtalk/webtalk.log
# Journal file: /home/udrc/mpsoc/mpsoc.sdk/webtalk/webtalk.jou
#-----------------------------------------------------------
source sdk_webtalk.tcl
# webtalk_init -webtalk_dir /home/udrc/mpsoc/mpsoc.sdk/webtalk
# webtalk_register_client -client project
# webtalk_add_data -client project -key date_generated -value "2020-09-28 23:47:50" -context "software_version_and_target_device"
# webtalk_add_data -client project -key product_version -value "SDK v2019.1" -context "software_version_and_target_device"
# webtalk_add_data -client project -key build_version -value "2019.1" -context "software_version_and_target_device"
# webtalk_add_data -client project -key os_platform -value "amd64" -context "software_version_and_target_device"
# webtalk_add_data -client project -key registration_id -value "210658046_1777498404_210711874_465" -context "software_version_and_target_device"
# webtalk_add_data -client project -key tool_flow -value "SDK" -context "software_version_and_target_device"
# webtalk_add_data -client project -key beta -value "false" -context "software_version_and_target_device"
# webtalk_add_data -client project -key route_design -value "NA" -context "software_version_and_target_device"
# webtalk_add_data -client project -key target_family -value "NA" -context "software_version_and_target_device"
# webtalk_add_data -client project -key target_device -value "NA" -context "software_version_and_target_device"
# webtalk_add_data -client project -key target_package -value "NA" -context "software_version_and_target_device"
# webtalk_add_data -client project -key target_speed -value "NA" -context "software_version_and_target_device"
# webtalk_add_data -client project -key random_id -value "5csc9pb18539v7qq32tt8vshet" -context "software_version_and_target_device"
# webtalk_add_data -client project -key project_id -value "2019.1_1" -context "software_version_and_target_device"
# webtalk_add_data -client project -key project_iteration -value "1" -context "software_version_and_target_device"
# webtalk_add_data -client project -key os_name -value "Ubuntu" -context "user_environment"
# webtalk_add_data -client project -key os_release -value "Ubuntu 18.04.5 LTS" -context "user_environment"
# webtalk_add_data -client project -key cpu_name -value "Intel(R) Core(TM) i7-8750H CPU @ 2.20GHz" -context "user_environment"
# webtalk_add_data -client project -key cpu_speed -value "2765.026 MHz" -context "user_environment"
# webtalk_add_data -client project -key total_processors -value "1" -context "user_environment"
# webtalk_add_data -client project -key system_ram -value "33.456 GB" -context "user_environment"
# webtalk_register_client -client sdk
# webtalk_add_data -client sdk -key uid -value "1601330157000" -context "sdk\\\\hardware/1601330157000"
# webtalk_add_data -client sdk -key isZynq -value "false" -context "sdk\\\\hardware/1601330157000"
# webtalk_add_data -client sdk -key isZynqMP -value "true" -context "sdk\\\\hardware/1601330157000"
# webtalk_add_data -client sdk -key Processors -value "7" -context "sdk\\\\hardware/1601330157000"
# webtalk_add_data -client sdk -key VivadoVersion -value "2019.1" -context "sdk\\\\hardware/1601330157000"
# webtalk_add_data -client sdk -key Arch -value "zynquplus" -context "sdk\\\\hardware/1601330157000"
# webtalk_add_data -client sdk -key Device -value "xczu7ev" -context "sdk\\\\hardware/1601330157000"
# webtalk_add_data -client sdk -key IsHandoff -value "true" -context "sdk\\\\hardware/1601330157000"
# webtalk_add_data -client sdk -key os -value "NA" -context "sdk\\\\hardware/1601330157000"
# webtalk_add_data -client sdk -key apptemplate -value "NA" -context "sdk\\\\hardware/1601330157000"
# webtalk_add_data -client sdk -key RecordType -value "HWCreation" -context "sdk\\\\hardware/1601330157000"
# webtalk_add_data -client sdk -key uid -value "1601330270000" -context "sdk\\\\application/1601330270000"
# webtalk_add_data -client sdk -key os -value "linux" -context "sdk\\\\application/1601330270000"
# webtalk_add_data -client sdk -key apptemplate -value "empty_application" -context "sdk\\\\application/1601330270000"
# webtalk_add_data -client sdk -key RecordType -value "APPCreation" -context "sdk\\\\application/1601330270000"
# webtalk_add_data -client sdk -key LangUsed -value "CPP" -context "sdk\\\\application/1601330270000"
# webtalk_add_data -client sdk -key Procused -value "" -context "sdk\\\\application/1601330270000"
# webtalk_add_data -client sdk -key uid -value "1601330318000" -context "sdk\\\\bsp/1601330318000"
# webtalk_add_data -client sdk -key hwid -value "1601330157000" -context "sdk\\\\bsp/1601330318000"
# webtalk_add_data -client sdk -key os -value "standalone" -context "sdk\\\\bsp/1601330318000"
# webtalk_add_data -client sdk -key apptemplate -value "null" -context "sdk\\\\bsp/1601330318000"
# webtalk_add_data -client sdk -key RecordType -value "BSPCreation" -context "sdk\\\\bsp/1601330318000"
# webtalk_add_data -client sdk -key uid -value "1601330871000" -context "sdk\\\\application/1601330871000"
# webtalk_add_data -client sdk -key hwid -value "1601330157000" -context "sdk\\\\application/1601330871000"
# webtalk_add_data -client sdk -key bspid -value "1601330318000" -context "sdk\\\\application/1601330871000"
# webtalk_add_data -client sdk -key newbsp -value "false" -context "sdk\\\\application/1601330871000"
# webtalk_add_data -client sdk -key os -value "standalone" -context "sdk\\\\application/1601330871000"
# webtalk_add_data -client sdk -key apptemplate -value "empty_application" -context "sdk\\\\application/1601330871000"
# webtalk_add_data -client sdk -key RecordType -value "APPCreation" -context "sdk\\\\application/1601330871000"
# webtalk_add_data -client sdk -key LangUsed -value "C" -context "sdk\\\\application/1601330871000"
# webtalk_add_data -client sdk -key Procused -value "psu_cortexa53" -context "sdk\\\\application/1601330871000"
# webtalk_add_data -client sdk -key uid -value "1601331027000" -context "sdk\\\\application/1601331027000"
# webtalk_add_data -client sdk -key os -value "linux" -context "sdk\\\\application/1601331027000"
# webtalk_add_data -client sdk -key apptemplate -value "linux_hello_world" -context "sdk\\\\application/1601331027000"
# webtalk_add_data -client sdk -key RecordType -value "APPCreation" -context "sdk\\\\application/1601331027000"
# webtalk_add_data -client sdk -key LangUsed -value "C" -context "sdk\\\\application/1601331027000"
# webtalk_add_data -client sdk -key Procused -value "" -context "sdk\\\\application/1601331027000"
# webtalk_add_data -client sdk -key projSize -value "207.8046875" -context "sdk\\\\application/1601331027000"
# webtalk_add_data -client sdk -key uid -value "NA" -context "sdk\\\\bsp/1601333270086"
# webtalk_add_data -client sdk -key RecordType -value "ToolUsage" -context "sdk\\\\bsp/1601333270086"
# webtalk_add_data -client sdk -key BootgenCount -value "0" -context "sdk\\\\bsp/1601333270086"
# webtalk_add_data -client sdk -key DebugCount -value "0" -context "sdk\\\\bsp/1601333270086"
# webtalk_add_data -client sdk -key PerfCount -value "0" -context "sdk\\\\bsp/1601333270086"
# webtalk_add_data -client sdk -key FlashCount -value "0" -context "sdk\\\\bsp/1601333270086"
# webtalk_add_data -client sdk -key CrossTriggCount -value "0" -context "sdk\\\\bsp/1601333270086"
# webtalk_add_data -client sdk -key QemuDebugCount -value "0" -context "sdk\\\\bsp/1601333270086"
# webtalk_transmit -clientid 1690705646 -regid "210658046_1777498404_210711874_465" -xml /home/udrc/mpsoc/mpsoc.sdk/webtalk/usage_statistics_ext_sdk.xml -html /home/udrc/mpsoc/mpsoc.sdk/webtalk/usage_statistics_ext_sdk.html -wdm /home/udrc/mpsoc/mpsoc.sdk/webtalk/sdk_webtalk.wdm -intro "<H3>SDK Usage Report</H3><BR>"
INFO: [Common 17-186] '/home/udrc/mpsoc/mpsoc.sdk/webtalk/usage_statistics_ext_sdk.xml' has been successfully sent to Xilinx on Mon Sep 28 23:47:54 2020. For additional details about this file, please refer to the WebTalk help file at /tools/Xilinx/SDK/2019.1/doc/webtalk_introduction.html.
# webtalk_terminate
INFO: [Common 17-206] Exiting Webtalk at Mon Sep 28 23:47:54 2020...
