Copyright 1986-2019 Xilinx, Inc. All Rights Reserved.
---------------------------------------------------------------------------------------------------------------------------
| Tool Version : Vivado v.2019.1 (lin64) Build 2552052 Fri May 24 14:47:09 MDT 2019
| Date         : Mon Sep 28 22:39:43 2020
| Host         : udrc-Alienware-m15 running 64-bit Ubuntu 18.04.5 LTS
| Command      : report_utilization -file design_1_wrapper_utilization_synth.rpt -pb design_1_wrapper_utilization_synth.pb
| Design       : design_1_wrapper
| Device       : xczu7evffvc1156-2
| Design State : Synthesized
---------------------------------------------------------------------------------------------------------------------------

Utilization Design Information

Table of Contents
-----------------
1. CLB Logic
1.1 Summary of Registers by Type
2. BLOCKRAM
3. ARITHMETIC
4. I/O
5. CLOCK
6. ADVANCED
7. CONFIGURATION
8. Primitives
9. Black Boxes
10. Instantiated Netlists

1. CLB Logic
------------

+----------------------------+------+-------+-----------+-------+
|          Site Type         | Used | Fixed | Available | Util% |
+----------------------------+------+-------+-----------+-------+
| CLB LUTs*                  | 5013 |     0 |    230400 |  2.18 |
|   LUT as Logic             | 4645 |     0 |    230400 |  2.02 |
|   LUT as Memory            |  368 |     0 |    101760 |  0.36 |
|     LUT as Distributed RAM |  120 |     0 |           |       |
|     LUT as Shift Register  |  248 |     0 |           |       |
| CLB Registers              | 5415 |     0 |    460800 |  1.18 |
|   Register as Flip Flop    | 5415 |     0 |    460800 |  1.18 |
|   Register as Latch        |    0 |     0 |    460800 |  0.00 |
| CARRY8                     |   43 |     0 |     28800 |  0.15 |
| F7 Muxes                   |   13 |     0 |    115200 |  0.01 |
| F8 Muxes                   |    0 |     0 |     57600 |  0.00 |
| F9 Muxes                   |    0 |     0 |     28800 |  0.00 |
+----------------------------+------+-------+-----------+-------+
* Warning! The Final LUT count, after physical optimizations and full implementation, is typically lower. Run opt_design after synthesis, if not already completed, for a more realistic count.


1.1 Summary of Registers by Type
--------------------------------

+-------+--------------+-------------+--------------+
| Total | Clock Enable | Synchronous | Asynchronous |
+-------+--------------+-------------+--------------+
| 0     |            _ |           - |            - |
| 0     |            _ |           - |          Set |
| 0     |            _ |           - |        Reset |
| 0     |            _ |         Set |            - |
| 0     |            _ |       Reset |            - |
| 0     |          Yes |           - |            - |
| 66    |          Yes |           - |          Set |
| 138   |          Yes |           - |        Reset |
| 154   |          Yes |         Set |            - |
| 5057  |          Yes |       Reset |            - |
+-------+--------------+-------------+--------------+


2. BLOCKRAM
-----------

+-------------------+------+-------+-----------+-------+
|     Site Type     | Used | Fixed | Available | Util% |
+-------------------+------+-------+-----------+-------+
| Block RAM Tile    |    6 |     0 |       312 |  1.92 |
|   RAMB36/FIFO*    |    5 |     0 |       312 |  1.60 |
|     RAMB36E2 only |    5 |       |           |       |
|   RAMB18          |    2 |     0 |       624 |  0.32 |
|     RAMB18E2 only |    2 |       |           |       |
| URAM              |    0 |     0 |        96 |  0.00 |
+-------------------+------+-------+-----------+-------+
* Note: Each Block RAM Tile only has one FIFO logic available and therefore can accommodate only one FIFO36E2 or one FIFO18E2. However, if a FIFO18E2 occupies a Block RAM Tile, that tile can still accommodate a RAMB18E2


3. ARITHMETIC
-------------

+-----------+------+-------+-----------+-------+
| Site Type | Used | Fixed | Available | Util% |
+-----------+------+-------+-----------+-------+
| DSPs      |    0 |     0 |      1728 |  0.00 |
+-----------+------+-------+-----------+-------+


4. I/O
------

+------------+------+-------+-----------+-------+
|  Site Type | Used | Fixed | Available | Util% |
+------------+------+-------+-----------+-------+
| Bonded IOB |    0 |     0 |       360 |  0.00 |
+------------+------+-------+-----------+-------+


5. CLOCK
--------

+----------------------+------+-------+-----------+-------+
|       Site Type      | Used | Fixed | Available | Util% |
+----------------------+------+-------+-----------+-------+
| GLOBAL CLOCK BUFFERs |    1 |     0 |       544 |  0.18 |
|   BUFGCE             |    0 |     0 |       208 |  0.00 |
|   BUFGCE_DIV         |    0 |     0 |        32 |  0.00 |
|   BUFG_GT            |    0 |     0 |       144 |  0.00 |
|   BUFG_PS            |    1 |     0 |        96 |  1.04 |
|   BUFGCTRL*          |    0 |     0 |        64 |  0.00 |
| PLL                  |    0 |     0 |        16 |  0.00 |
| MMCM                 |    0 |     0 |         8 |  0.00 |
+----------------------+------+-------+-----------+-------+
* Note: Each used BUFGCTRL counts as two GLOBAL CLOCK BUFFERs. This table does not include global clocking resources, only buffer cell usage. See the Clock Utilization Report (report_clock_utilization) for detailed accounting of global clocking resource availability.


6. ADVANCED
-----------

+-----------------+------+-------+-----------+--------+
|    Site Type    | Used | Fixed | Available |  Util% |
+-----------------+------+-------+-----------+--------+
| GTHE4_CHANNEL   |    0 |     0 |        20 |   0.00 |
| GTHE4_COMMON    |    0 |     0 |         5 |   0.00 |
| OBUFDS_GTE4     |    0 |     0 |        10 |   0.00 |
| OBUFDS_GTE4_ADV |    0 |     0 |        10 |   0.00 |
| PCIE40E4        |    0 |     0 |         2 |   0.00 |
| PS8             |    1 |     0 |         1 | 100.00 |
| SYSMONE4        |    0 |     0 |         1 |   0.00 |
| VCU             |    0 |     0 |         1 |   0.00 |
+-----------------+------+-------+-----------+--------+


7. CONFIGURATION
----------------

+-------------+------+-------+-----------+-------+
|  Site Type  | Used | Fixed | Available | Util% |
+-------------+------+-------+-----------+-------+
| BSCANE2     |    0 |     0 |         4 |  0.00 |
| DNA_PORTE2  |    0 |     0 |         1 |  0.00 |
| EFUSE_USR   |    0 |     0 |         1 |  0.00 |
| FRAME_ECCE4 |    0 |     0 |         1 |  0.00 |
| ICAPE3      |    0 |     0 |         2 |  0.00 |
| MASTER_JTAG |    0 |     0 |         1 |  0.00 |
| STARTUPE3   |    0 |     0 |         1 |  0.00 |
+-------------+------+-------+-----------+-------+


8. Primitives
-------------

+----------+------+---------------------+
| Ref Name | Used | Functional Category |
+----------+------+---------------------+
| FDRE     | 5057 |            Register |
| LUT6     | 1581 |                 CLB |
| LUT3     | 1094 |                 CLB |
| LUT5     | 1088 |                 CLB |
| LUT4     |  718 |                 CLB |
| LUT2     |  471 |                 CLB |
| LUT1     |  458 |                 CLB |
| RAMD32   |  210 |                 CLB |
| SRL16E   |  178 |                 CLB |
| FDSE     |  154 |            Register |
| FDCE     |  138 |            Register |
| SRLC32E  |   70 |                 CLB |
| FDPE     |   66 |            Register |
| CARRY8   |   43 |                 CLB |
| RAMS32   |   30 |                 CLB |
| MUXF7    |   13 |                 CLB |
| RAMB36E2 |    5 |           Block Ram |
| RAMB18E2 |    2 |           Block Ram |
| PS8      |    1 |            Advanced |
| BUFG_PS  |    1 |               Clock |
+----------+------+---------------------+


9. Black Boxes
--------------

+----------+------+
| Ref Name | Used |
+----------+------+


10. Instantiated Netlists
-------------------------

+----------+------+
| Ref Name | Used |
+----------+------+


